2023-08-21 19:00:50,409 - [INFO]  - mysql_util.py - [22] : connected localhost:3306 with db 
2023-08-21 19:00:50,434 - [INFO]  - json_service.py - [11] : visited jason_service, start to process jason file....
2023-08-21 19:00:50,435 - [INFO]  - file_util.py - [10] :  reading all filenames under the /Users/liuwenxuan/Workspace/testdata
2023-08-21 19:00:50,436 - [INFO]  - file_util.py - [10] :  reading all filenames under the /Users/liuwenxuan/Workspace/testdata/test
2023-08-21 19:00:50,438 - [INFO]  - json_service.py - [16] : get filelist : ['/Users/liuwenxuan/Workspace/testdata/test/subfile-x01', '/Users/liuwenxuan/Workspace/testdata/x06', '/Users/liuwenxuan/Workspace/testdata/x01', '/Users/liuwenxuan/Workspace/testdata/x08', '/Users/liuwenxuan/Workspace/testdata/x09', '/Users/liuwenxuan/Workspace/testdata/x07', '/Users/liuwenxuan/Workspace/testdata/x10', '/Users/liuwenxuan/Workspace/testdata/x02', '/Users/liuwenxuan/Workspace/testdata/x05', '/Users/liuwenxuan/Workspace/testdata/x04', '/Users/liuwenxuan/Workspace/testdata/x03']
2023-08-21 19:00:50,453 - [INFO]  - mysql_util.py - [32] : executed sql the result includes 1 records, the executed sql is SHOW TABLES
2023-08-21 19:00:50,453 - [INFO]  - mysql_util.py - [55] : checking table metadata.processed_file exists
2023-08-21 19:00:50,453 - [INFO]  - mysql_util.py - [64] : table processed_file has already existed in metadata
2023-08-21 19:00:50,454 - [INFO]  - mysql_util.py - [32] : executed sql the result includes 3 records, the executed sql is SELECT file_name from processed_file
2023-08-21 19:00:50,454 - [INFO]  - mysql_util.py - [75] : accessed metadata_db, and get all processed file list (('/Users/liuwenxuan/Downloads/黑马课程/大数据课程/04阶段：ETL项目实战/数据资料/JSON数据（订单业务）/x01',), ('/Users/liuwenxuan/Workspace/testdata/x07',), ('/Users/liuwenxuan/Workspace/testdata/x08',)) in tableprocessed_file
2023-08-21 19:00:50,455 - [INFO]  - json_service.py - [20] : these file in filelist have already been processed: ['/Users/liuwenxuan/Downloads/黑马课程/大数据课程/04阶段：ETL项目实战/数据资料/JSON数据（订单业务）/x01', '/Users/liuwenxuan/Workspace/testdata/x07', '/Users/liuwenxuan/Workspace/testdata/x08']
2023-08-21 19:00:50,455 - [INFO]  - json_service.py - [23] : these files need to be processed: ['/Users/liuwenxuan/Workspace/testdata/test/subfile-x01', '/Users/liuwenxuan/Workspace/testdata/x06', '/Users/liuwenxuan/Workspace/testdata/x01', '/Users/liuwenxuan/Workspace/testdata/x09', '/Users/liuwenxuan/Workspace/testdata/x10', '/Users/liuwenxuan/Workspace/testdata/x02', '/Users/liuwenxuan/Workspace/testdata/x05', '/Users/liuwenxuan/Workspace/testdata/x04', '/Users/liuwenxuan/Workspace/testdata/x03']
2023-08-21 19:00:52,296 - [INFO]  - json_service.py - [62] : complete csv file process, saved to : /Users/liuwenxuan/Workspace/csv/
2023-08-21 19:01:16,145 - [INFO]  - mysql_util.py - [22] : connected localhost:3306 with db 
2023-08-21 19:01:16,150 - [INFO]  - json_service.py - [11] : visited jason_service, start to process jason file....
2023-08-21 19:01:16,151 - [INFO]  - file_util.py - [10] :  reading all filenames under the /Users/liuwenxuan/Workspace/testdata
2023-08-21 19:01:16,151 - [INFO]  - file_util.py - [10] :  reading all filenames under the /Users/liuwenxuan/Workspace/testdata/test
2023-08-21 19:01:16,153 - [INFO]  - json_service.py - [16] : get filelist : ['/Users/liuwenxuan/Workspace/testdata/test/subfile-x01', '/Users/liuwenxuan/Workspace/testdata/x06', '/Users/liuwenxuan/Workspace/testdata/x01', '/Users/liuwenxuan/Workspace/testdata/x08', '/Users/liuwenxuan/Workspace/testdata/x09', '/Users/liuwenxuan/Workspace/testdata/x07', '/Users/liuwenxuan/Workspace/testdata/x10', '/Users/liuwenxuan/Workspace/testdata/x02', '/Users/liuwenxuan/Workspace/testdata/x05', '/Users/liuwenxuan/Workspace/testdata/x04', '/Users/liuwenxuan/Workspace/testdata/x03']
2023-08-21 19:01:16,172 - [INFO]  - mysql_util.py - [32] : executed sql the result includes 1 records, the executed sql is SHOW TABLES
2023-08-21 19:01:16,172 - [INFO]  - mysql_util.py - [55] : checking table metadata.processed_file exists
2023-08-21 19:01:16,172 - [INFO]  - mysql_util.py - [64] : table processed_file has already existed in metadata
2023-08-21 19:01:16,173 - [INFO]  - mysql_util.py - [32] : executed sql the result includes 3 records, the executed sql is SELECT file_name from processed_file
2023-08-21 19:01:16,173 - [INFO]  - mysql_util.py - [75] : accessed metadata_db, and get all processed file list (('/Users/liuwenxuan/Downloads/黑马课程/大数据课程/04阶段：ETL项目实战/数据资料/JSON数据（订单业务）/x01',), ('/Users/liuwenxuan/Workspace/testdata/x07',), ('/Users/liuwenxuan/Workspace/testdata/x08',)) in tableprocessed_file
2023-08-21 19:01:16,173 - [INFO]  - json_service.py - [20] : these file in filelist have already been processed: ['/Users/liuwenxuan/Downloads/黑马课程/大数据课程/04阶段：ETL项目实战/数据资料/JSON数据（订单业务）/x01', '/Users/liuwenxuan/Workspace/testdata/x07', '/Users/liuwenxuan/Workspace/testdata/x08']
2023-08-21 19:01:16,173 - [INFO]  - json_service.py - [23] : these files need to be processed: ['/Users/liuwenxuan/Workspace/testdata/test/subfile-x01', '/Users/liuwenxuan/Workspace/testdata/x06', '/Users/liuwenxuan/Workspace/testdata/x01', '/Users/liuwenxuan/Workspace/testdata/x09', '/Users/liuwenxuan/Workspace/testdata/x10', '/Users/liuwenxuan/Workspace/testdata/x02', '/Users/liuwenxuan/Workspace/testdata/x05', '/Users/liuwenxuan/Workspace/testdata/x04', '/Users/liuwenxuan/Workspace/testdata/x03']
2023-08-21 19:01:17,944 - [INFO]  - json_service.py - [62] : complete csv file process, saved to : /Users/liuwenxuan/Workspace/csv/
2023-08-21 19:01:29,145 - [INFO]  - mysql_util.py - [22] : connected localhost:3306 with db 
2023-08-21 19:01:29,149 - [INFO]  - json_service.py - [11] : visited jason_service, start to process jason file....
2023-08-21 19:01:29,149 - [INFO]  - file_util.py - [10] :  reading all filenames under the /Users/liuwenxuan/Workspace/testdata
2023-08-21 19:01:29,156 - [INFO]  - file_util.py - [10] :  reading all filenames under the /Users/liuwenxuan/Workspace/testdata/test
2023-08-21 19:01:29,156 - [INFO]  - json_service.py - [16] : get filelist : ['/Users/liuwenxuan/Workspace/testdata/test/subfile-x01', '/Users/liuwenxuan/Workspace/testdata/x06', '/Users/liuwenxuan/Workspace/testdata/x01', '/Users/liuwenxuan/Workspace/testdata/x08', '/Users/liuwenxuan/Workspace/testdata/x09', '/Users/liuwenxuan/Workspace/testdata/x07', '/Users/liuwenxuan/Workspace/testdata/x10', '/Users/liuwenxuan/Workspace/testdata/x02', '/Users/liuwenxuan/Workspace/testdata/x05', '/Users/liuwenxuan/Workspace/testdata/x04', '/Users/liuwenxuan/Workspace/testdata/x03']
2023-08-21 19:01:29,172 - [INFO]  - mysql_util.py - [32] : executed sql the result includes 1 records, the executed sql is SHOW TABLES
2023-08-21 19:01:29,173 - [INFO]  - mysql_util.py - [55] : checking table metadata.processed_file exists
2023-08-21 19:01:29,173 - [INFO]  - mysql_util.py - [64] : table processed_file has already existed in metadata
2023-08-21 19:01:29,174 - [INFO]  - mysql_util.py - [32] : executed sql the result includes 3 records, the executed sql is SELECT file_name from processed_file
2023-08-21 19:01:29,174 - [INFO]  - mysql_util.py - [75] : accessed metadata_db, and get all processed file list (('/Users/liuwenxuan/Downloads/黑马课程/大数据课程/04阶段：ETL项目实战/数据资料/JSON数据（订单业务）/x01',), ('/Users/liuwenxuan/Workspace/testdata/x07',), ('/Users/liuwenxuan/Workspace/testdata/x08',)) in tableprocessed_file
2023-08-21 19:01:29,174 - [INFO]  - json_service.py - [20] : these file in filelist have already been processed: ['/Users/liuwenxuan/Downloads/黑马课程/大数据课程/04阶段：ETL项目实战/数据资料/JSON数据（订单业务）/x01', '/Users/liuwenxuan/Workspace/testdata/x07', '/Users/liuwenxuan/Workspace/testdata/x08']
2023-08-21 19:01:29,174 - [INFO]  - json_service.py - [23] : these files need to be processed: ['/Users/liuwenxuan/Workspace/testdata/test/subfile-x01', '/Users/liuwenxuan/Workspace/testdata/x06', '/Users/liuwenxuan/Workspace/testdata/x01', '/Users/liuwenxuan/Workspace/testdata/x09', '/Users/liuwenxuan/Workspace/testdata/x10', '/Users/liuwenxuan/Workspace/testdata/x02', '/Users/liuwenxuan/Workspace/testdata/x05', '/Users/liuwenxuan/Workspace/testdata/x04', '/Users/liuwenxuan/Workspace/testdata/x03']
2023-08-21 19:01:31,015 - [INFO]  - json_service.py - [62] : complete csv file process, saved to : /Users/liuwenxuan/Workspace/csv/
2023-08-21 19:02:35,315 - [INFO]  - mysql_util.py - [22] : connected localhost:3306 with db 
2023-08-21 19:02:35,331 - [INFO]  - json_service.py - [11] : visited jason_service, start to process jason file....
2023-08-21 19:02:35,332 - [INFO]  - file_util.py - [10] :  reading all filenames under the /Users/liuwenxuan/Workspace/testdata
2023-08-21 19:02:35,333 - [INFO]  - file_util.py - [10] :  reading all filenames under the /Users/liuwenxuan/Workspace/testdata/test
2023-08-21 19:02:35,335 - [INFO]  - json_service.py - [16] : get filelist : ['/Users/liuwenxuan/Workspace/testdata/test/subfile-x01', '/Users/liuwenxuan/Workspace/testdata/x06', '/Users/liuwenxuan/Workspace/testdata/x01', '/Users/liuwenxuan/Workspace/testdata/x08', '/Users/liuwenxuan/Workspace/testdata/x09', '/Users/liuwenxuan/Workspace/testdata/x07', '/Users/liuwenxuan/Workspace/testdata/x10', '/Users/liuwenxuan/Workspace/testdata/x02', '/Users/liuwenxuan/Workspace/testdata/x05', '/Users/liuwenxuan/Workspace/testdata/x04', '/Users/liuwenxuan/Workspace/testdata/x03']
2023-08-21 19:02:35,353 - [INFO]  - mysql_util.py - [32] : executed sql the result includes 1 records, the executed sql is SHOW TABLES
2023-08-21 19:02:35,353 - [INFO]  - mysql_util.py - [55] : checking table metadata.processed_file exists
2023-08-21 19:02:35,353 - [INFO]  - mysql_util.py - [64] : table processed_file has already existed in metadata
2023-08-21 19:02:35,354 - [INFO]  - mysql_util.py - [32] : executed sql the result includes 3 records, the executed sql is SELECT file_name from processed_file
2023-08-21 19:02:35,354 - [INFO]  - mysql_util.py - [75] : accessed metadata_db, and get all processed file list (('/Users/liuwenxuan/Downloads/黑马课程/大数据课程/04阶段：ETL项目实战/数据资料/JSON数据（订单业务）/x01',), ('/Users/liuwenxuan/Workspace/testdata/x07',), ('/Users/liuwenxuan/Workspace/testdata/x08',)) in tableprocessed_file
2023-08-21 19:02:35,354 - [INFO]  - json_service.py - [20] : these file in filelist have already been processed: ['/Users/liuwenxuan/Downloads/黑马课程/大数据课程/04阶段：ETL项目实战/数据资料/JSON数据（订单业务）/x01', '/Users/liuwenxuan/Workspace/testdata/x07', '/Users/liuwenxuan/Workspace/testdata/x08']
2023-08-21 19:02:35,354 - [INFO]  - json_service.py - [23] : these files need to be processed: ['/Users/liuwenxuan/Workspace/testdata/test/subfile-x01', '/Users/liuwenxuan/Workspace/testdata/x06', '/Users/liuwenxuan/Workspace/testdata/x01', '/Users/liuwenxuan/Workspace/testdata/x09', '/Users/liuwenxuan/Workspace/testdata/x10', '/Users/liuwenxuan/Workspace/testdata/x02', '/Users/liuwenxuan/Workspace/testdata/x05', '/Users/liuwenxuan/Workspace/testdata/x04', '/Users/liuwenxuan/Workspace/testdata/x03']
2023-08-21 19:02:37,175 - [INFO]  - json_service.py - [62] : complete csv file process, saved to : /Users/liuwenxuan/Workspace/csv/
2023-08-21 19:04:20,172 - [INFO]  - mysql_util.py - [22] : connected localhost:3306 with db 
2023-08-21 19:04:20,186 - [INFO]  - json_service.py - [11] : visited jason_service, start to process jason file....
2023-08-21 19:04:20,186 - [INFO]  - file_util.py - [10] :  reading all filenames under the /Users/liuwenxuan/Workspace/testdata
2023-08-21 19:04:20,188 - [INFO]  - file_util.py - [10] :  reading all filenames under the /Users/liuwenxuan/Workspace/testdata/test
2023-08-21 19:04:20,190 - [INFO]  - json_service.py - [16] : get filelist : ['/Users/liuwenxuan/Workspace/testdata/test/subfile-x01', '/Users/liuwenxuan/Workspace/testdata/x06', '/Users/liuwenxuan/Workspace/testdata/x01', '/Users/liuwenxuan/Workspace/testdata/x08', '/Users/liuwenxuan/Workspace/testdata/x09', '/Users/liuwenxuan/Workspace/testdata/x07', '/Users/liuwenxuan/Workspace/testdata/x10', '/Users/liuwenxuan/Workspace/testdata/x02', '/Users/liuwenxuan/Workspace/testdata/x05', '/Users/liuwenxuan/Workspace/testdata/x04', '/Users/liuwenxuan/Workspace/testdata/x03']
2023-08-21 19:04:20,204 - [INFO]  - mysql_util.py - [32] : executed sql the result includes 1 records, the executed sql is SHOW TABLES
2023-08-21 19:04:20,204 - [INFO]  - mysql_util.py - [55] : checking table metadata.processed_file exists
2023-08-21 19:04:20,204 - [INFO]  - mysql_util.py - [64] : table processed_file has already existed in metadata
2023-08-21 19:04:20,205 - [INFO]  - mysql_util.py - [32] : executed sql the result includes 3 records, the executed sql is SELECT file_name from processed_file
2023-08-21 19:04:20,205 - [INFO]  - mysql_util.py - [75] : accessed metadata_db, and get all processed file list (('/Users/liuwenxuan/Downloads/黑马课程/大数据课程/04阶段：ETL项目实战/数据资料/JSON数据（订单业务）/x01',), ('/Users/liuwenxuan/Workspace/testdata/x07',), ('/Users/liuwenxuan/Workspace/testdata/x08',)) in tableprocessed_file
2023-08-21 19:04:20,205 - [INFO]  - json_service.py - [20] : these file in filelist have already been processed: ['/Users/liuwenxuan/Downloads/黑马课程/大数据课程/04阶段：ETL项目实战/数据资料/JSON数据（订单业务）/x01', '/Users/liuwenxuan/Workspace/testdata/x07', '/Users/liuwenxuan/Workspace/testdata/x08']
2023-08-21 19:04:20,206 - [INFO]  - json_service.py - [23] : these files need to be processed: ['/Users/liuwenxuan/Workspace/testdata/test/subfile-x01', '/Users/liuwenxuan/Workspace/testdata/x06', '/Users/liuwenxuan/Workspace/testdata/x01', '/Users/liuwenxuan/Workspace/testdata/x09', '/Users/liuwenxuan/Workspace/testdata/x10', '/Users/liuwenxuan/Workspace/testdata/x02', '/Users/liuwenxuan/Workspace/testdata/x05', '/Users/liuwenxuan/Workspace/testdata/x04', '/Users/liuwenxuan/Workspace/testdata/x03']
2023-08-21 19:04:22,019 - [INFO]  - json_service.py - [62] : complete csv file process, saved to : /Users/liuwenxuan/Workspace/csv/
2023-08-21 19:05:43,150 - [INFO]  - mysql_util.py - [22] : connected localhost:3306 with db 
2023-08-21 19:05:43,166 - [INFO]  - json_service.py - [11] : visited jason_service, start to process jason file....
2023-08-21 19:05:43,167 - [INFO]  - file_util.py - [10] :  reading all filenames under the /Users/liuwenxuan/Workspace/testdata
2023-08-21 19:05:43,168 - [INFO]  - file_util.py - [10] :  reading all filenames under the /Users/liuwenxuan/Workspace/testdata/test
2023-08-21 19:05:43,170 - [INFO]  - json_service.py - [16] : get filelist : ['/Users/liuwenxuan/Workspace/testdata/test/subfile-x01', '/Users/liuwenxuan/Workspace/testdata/x06', '/Users/liuwenxuan/Workspace/testdata/x01', '/Users/liuwenxuan/Workspace/testdata/x08', '/Users/liuwenxuan/Workspace/testdata/x09', '/Users/liuwenxuan/Workspace/testdata/x07', '/Users/liuwenxuan/Workspace/testdata/x10', '/Users/liuwenxuan/Workspace/testdata/x02', '/Users/liuwenxuan/Workspace/testdata/x05', '/Users/liuwenxuan/Workspace/testdata/x04', '/Users/liuwenxuan/Workspace/testdata/x03']
2023-08-21 19:05:43,196 - [INFO]  - mysql_util.py - [32] : executed sql the result includes 1 records, the executed sql is SHOW TABLES
2023-08-21 19:05:43,196 - [INFO]  - mysql_util.py - [55] : checking table metadata.processed_file exists
2023-08-21 19:05:43,196 - [INFO]  - mysql_util.py - [64] : table processed_file has already existed in metadata
2023-08-21 19:05:43,197 - [INFO]  - mysql_util.py - [32] : executed sql the result includes 3 records, the executed sql is SELECT file_name from processed_file
2023-08-21 19:05:43,197 - [INFO]  - mysql_util.py - [75] : accessed metadata_db, and get all processed file list (('/Users/liuwenxuan/Downloads/黑马课程/大数据课程/04阶段：ETL项目实战/数据资料/JSON数据（订单业务）/x01',), ('/Users/liuwenxuan/Workspace/testdata/x07',), ('/Users/liuwenxuan/Workspace/testdata/x08',)) in tableprocessed_file
2023-08-21 19:05:43,197 - [INFO]  - json_service.py - [20] : these file in filelist have already been processed: ['/Users/liuwenxuan/Downloads/黑马课程/大数据课程/04阶段：ETL项目实战/数据资料/JSON数据（订单业务）/x01', '/Users/liuwenxuan/Workspace/testdata/x07', '/Users/liuwenxuan/Workspace/testdata/x08']
2023-08-21 19:05:43,197 - [INFO]  - json_service.py - [23] : these files need to be processed: ['/Users/liuwenxuan/Workspace/testdata/test/subfile-x01', '/Users/liuwenxuan/Workspace/testdata/x06', '/Users/liuwenxuan/Workspace/testdata/x01', '/Users/liuwenxuan/Workspace/testdata/x09', '/Users/liuwenxuan/Workspace/testdata/x10', '/Users/liuwenxuan/Workspace/testdata/x02', '/Users/liuwenxuan/Workspace/testdata/x05', '/Users/liuwenxuan/Workspace/testdata/x04', '/Users/liuwenxuan/Workspace/testdata/x03']
2023-08-21 19:05:45,075 - [INFO]  - json_service.py - [62] : complete csv file process, saved to : /Users/liuwenxuan/Workspace/csv/
2023-08-21 19:06:53,333 - [INFO]  - mysql_util.py - [22] : connected localhost:3306 with db 
2023-08-21 19:06:53,351 - [INFO]  - json_service.py - [11] : visited jason_service, start to process jason file....
2023-08-21 19:06:53,351 - [INFO]  - file_util.py - [10] :  reading all filenames under the /Users/liuwenxuan/Workspace/testdata
2023-08-21 19:06:53,359 - [INFO]  - file_util.py - [10] :  reading all filenames under the /Users/liuwenxuan/Workspace/testdata/test
2023-08-21 19:06:53,360 - [INFO]  - json_service.py - [16] : get filelist : ['/Users/liuwenxuan/Workspace/testdata/test/subfile-x01', '/Users/liuwenxuan/Workspace/testdata/x06', '/Users/liuwenxuan/Workspace/testdata/x01', '/Users/liuwenxuan/Workspace/testdata/x08', '/Users/liuwenxuan/Workspace/testdata/x09', '/Users/liuwenxuan/Workspace/testdata/x07', '/Users/liuwenxuan/Workspace/testdata/x10', '/Users/liuwenxuan/Workspace/testdata/x02', '/Users/liuwenxuan/Workspace/testdata/x05', '/Users/liuwenxuan/Workspace/testdata/x04', '/Users/liuwenxuan/Workspace/testdata/x03']
2023-08-21 19:06:53,371 - [INFO]  - mysql_util.py - [32] : executed sql the result includes 1 records, the executed sql is SHOW TABLES
2023-08-21 19:06:53,371 - [INFO]  - mysql_util.py - [55] : checking table metadata.processed_file exists
2023-08-21 19:06:53,372 - [INFO]  - mysql_util.py - [64] : table processed_file has already existed in metadata
2023-08-21 19:06:53,373 - [INFO]  - mysql_util.py - [32] : executed sql the result includes 3 records, the executed sql is SELECT file_name from processed_file
2023-08-21 19:06:53,373 - [INFO]  - mysql_util.py - [75] : accessed metadata_db, and get all processed file list (('/Users/liuwenxuan/Downloads/黑马课程/大数据课程/04阶段：ETL项目实战/数据资料/JSON数据（订单业务）/x01',), ('/Users/liuwenxuan/Workspace/testdata/x07',), ('/Users/liuwenxuan/Workspace/testdata/x08',)) in tableprocessed_file
2023-08-21 19:06:53,373 - [INFO]  - json_service.py - [20] : these file in filelist have already been processed: ['/Users/liuwenxuan/Downloads/黑马课程/大数据课程/04阶段：ETL项目实战/数据资料/JSON数据（订单业务）/x01', '/Users/liuwenxuan/Workspace/testdata/x07', '/Users/liuwenxuan/Workspace/testdata/x08']
2023-08-21 19:06:53,373 - [INFO]  - json_service.py - [23] : these files need to be processed: ['/Users/liuwenxuan/Workspace/testdata/test/subfile-x01', '/Users/liuwenxuan/Workspace/testdata/x06', '/Users/liuwenxuan/Workspace/testdata/x01', '/Users/liuwenxuan/Workspace/testdata/x09', '/Users/liuwenxuan/Workspace/testdata/x10', '/Users/liuwenxuan/Workspace/testdata/x02', '/Users/liuwenxuan/Workspace/testdata/x05', '/Users/liuwenxuan/Workspace/testdata/x04', '/Users/liuwenxuan/Workspace/testdata/x03']
2023-08-21 19:06:55,269 - [INFO]  - json_service.py - [62] : complete csv file process, saved to : /Users/liuwenxuan/Workspace/csv/
2023-08-21 19:09:24,405 - [INFO]  - mysql_util.py - [24] : connected localhost:3306 with db 
2023-08-21 19:09:24,411 - [INFO]  - json_service.py - [11] : visited jason_service, start to process jason file....
2023-08-21 19:09:24,411 - [INFO]  - file_util.py - [10] :  reading all filenames under the /Users/liuwenxuan/Workspace/testdata
2023-08-21 19:09:24,412 - [INFO]  - file_util.py - [10] :  reading all filenames under the /Users/liuwenxuan/Workspace/testdata/test
2023-08-21 19:09:24,413 - [INFO]  - json_service.py - [16] : get filelist : ['/Users/liuwenxuan/Workspace/testdata/test/subfile-x01', '/Users/liuwenxuan/Workspace/testdata/x06', '/Users/liuwenxuan/Workspace/testdata/x01', '/Users/liuwenxuan/Workspace/testdata/x08', '/Users/liuwenxuan/Workspace/testdata/x09', '/Users/liuwenxuan/Workspace/testdata/x07', '/Users/liuwenxuan/Workspace/testdata/x10', '/Users/liuwenxuan/Workspace/testdata/x02', '/Users/liuwenxuan/Workspace/testdata/x05', '/Users/liuwenxuan/Workspace/testdata/x04', '/Users/liuwenxuan/Workspace/testdata/x03']
2023-08-21 19:09:24,437 - [INFO]  - mysql_util.py - [34] : executed sql the result includes 1 records, the executed sql is SHOW TABLES
2023-08-21 19:09:24,437 - [INFO]  - mysql_util.py - [57] : checking table metadata.processed_file exists
2023-08-21 19:09:24,437 - [INFO]  - mysql_util.py - [66] : table processed_file has already existed in metadata
2023-08-21 19:09:24,439 - [INFO]  - mysql_util.py - [34] : executed sql the result includes 3 records, the executed sql is SELECT file_name from processed_file
2023-08-21 19:09:24,439 - [INFO]  - mysql_util.py - [77] : accessed metadata_db, and get all processed file list (('/Users/liuwenxuan/Downloads/黑马课程/大数据课程/04阶段：ETL项目实战/数据资料/JSON数据（订单业务）/x01',), ('/Users/liuwenxuan/Workspace/testdata/x07',), ('/Users/liuwenxuan/Workspace/testdata/x08',)) in tableprocessed_file
2023-08-21 19:09:24,439 - [INFO]  - json_service.py - [20] : these file in filelist have already been processed: ['/Users/liuwenxuan/Downloads/黑马课程/大数据课程/04阶段：ETL项目实战/数据资料/JSON数据（订单业务）/x01', '/Users/liuwenxuan/Workspace/testdata/x07', '/Users/liuwenxuan/Workspace/testdata/x08']
2023-08-21 19:09:24,439 - [INFO]  - json_service.py - [23] : these files need to be processed: ['/Users/liuwenxuan/Workspace/testdata/test/subfile-x01', '/Users/liuwenxuan/Workspace/testdata/x06', '/Users/liuwenxuan/Workspace/testdata/x01', '/Users/liuwenxuan/Workspace/testdata/x09', '/Users/liuwenxuan/Workspace/testdata/x10', '/Users/liuwenxuan/Workspace/testdata/x02', '/Users/liuwenxuan/Workspace/testdata/x05', '/Users/liuwenxuan/Workspace/testdata/x04', '/Users/liuwenxuan/Workspace/testdata/x03']
2023-08-21 19:09:26,197 - [INFO]  - json_service.py - [62] : complete csv file process, saved to : /Users/liuwenxuan/Workspace/csv/
2023-08-21 19:09:38,123 - [INFO]  - mysql_util.py - [24] : connected localhost:3306 with db 
2023-08-21 19:09:38,124 - [INFO]  - json_service.py - [11] : visited jason_service, start to process jason file....
2023-08-21 19:09:38,124 - [INFO]  - file_util.py - [10] :  reading all filenames under the /Users/liuwenxuan/Workspace/testdata
2023-08-21 19:09:38,124 - [INFO]  - file_util.py - [10] :  reading all filenames under the /Users/liuwenxuan/Workspace/testdata/test
2023-08-21 19:09:38,124 - [INFO]  - json_service.py - [16] : get filelist : ['/Users/liuwenxuan/Workspace/testdata/test/subfile-x01', '/Users/liuwenxuan/Workspace/testdata/x06', '/Users/liuwenxuan/Workspace/testdata/x01', '/Users/liuwenxuan/Workspace/testdata/x08', '/Users/liuwenxuan/Workspace/testdata/x09', '/Users/liuwenxuan/Workspace/testdata/x07', '/Users/liuwenxuan/Workspace/testdata/x10', '/Users/liuwenxuan/Workspace/testdata/x02', '/Users/liuwenxuan/Workspace/testdata/x05', '/Users/liuwenxuan/Workspace/testdata/x04', '/Users/liuwenxuan/Workspace/testdata/x03']
2023-08-21 19:09:38,138 - [INFO]  - mysql_util.py - [34] : executed sql the result includes 1 records, the executed sql is SHOW TABLES
2023-08-21 19:09:38,138 - [INFO]  - mysql_util.py - [57] : checking table metadata.processed_file exists
2023-08-21 19:09:38,138 - [INFO]  - mysql_util.py - [66] : table processed_file has already existed in metadata
2023-08-21 19:09:38,141 - [INFO]  - mysql_util.py - [34] : executed sql the result includes 3 records, the executed sql is SELECT file_name from processed_file
2023-08-21 19:09:38,141 - [INFO]  - mysql_util.py - [77] : accessed metadata_db, and get all processed file list (('/Users/liuwenxuan/Downloads/黑马课程/大数据课程/04阶段：ETL项目实战/数据资料/JSON数据（订单业务）/x01',), ('/Users/liuwenxuan/Workspace/testdata/x07',), ('/Users/liuwenxuan/Workspace/testdata/x08',)) in tableprocessed_file
2023-08-21 19:09:38,141 - [INFO]  - json_service.py - [20] : these file in filelist have already been processed: ['/Users/liuwenxuan/Downloads/黑马课程/大数据课程/04阶段：ETL项目实战/数据资料/JSON数据（订单业务）/x01', '/Users/liuwenxuan/Workspace/testdata/x07', '/Users/liuwenxuan/Workspace/testdata/x08']
2023-08-21 19:09:38,141 - [INFO]  - json_service.py - [23] : these files need to be processed: ['/Users/liuwenxuan/Workspace/testdata/test/subfile-x01', '/Users/liuwenxuan/Workspace/testdata/x06', '/Users/liuwenxuan/Workspace/testdata/x01', '/Users/liuwenxuan/Workspace/testdata/x09', '/Users/liuwenxuan/Workspace/testdata/x10', '/Users/liuwenxuan/Workspace/testdata/x02', '/Users/liuwenxuan/Workspace/testdata/x05', '/Users/liuwenxuan/Workspace/testdata/x04', '/Users/liuwenxuan/Workspace/testdata/x03']
2023-08-21 19:09:39,904 - [INFO]  - json_service.py - [62] : complete csv file process, saved to : /Users/liuwenxuan/Workspace/csv/
2023-08-21 19:10:13,803 - [INFO]  - mysql_util.py - [24] : connected localhost:3306 with db 
2023-08-21 19:10:13,804 - [INFO]  - json_service.py - [11] : visited jason_service, start to process jason file....
2023-08-21 19:10:13,804 - [INFO]  - file_util.py - [10] :  reading all filenames under the /Users/liuwenxuan/Workspace/testdata
2023-08-21 19:10:13,804 - [INFO]  - file_util.py - [10] :  reading all filenames under the /Users/liuwenxuan/Workspace/testdata/test
2023-08-21 19:10:13,805 - [INFO]  - json_service.py - [16] : get filelist : ['/Users/liuwenxuan/Workspace/testdata/test/subfile-x01', '/Users/liuwenxuan/Workspace/testdata/x06', '/Users/liuwenxuan/Workspace/testdata/x01', '/Users/liuwenxuan/Workspace/testdata/x08', '/Users/liuwenxuan/Workspace/testdata/x09', '/Users/liuwenxuan/Workspace/testdata/x07', '/Users/liuwenxuan/Workspace/testdata/x10', '/Users/liuwenxuan/Workspace/testdata/x02', '/Users/liuwenxuan/Workspace/testdata/x05', '/Users/liuwenxuan/Workspace/testdata/x04', '/Users/liuwenxuan/Workspace/testdata/x03']
2023-08-21 19:10:13,817 - [INFO]  - mysql_util.py - [34] : executed sql the result includes 1 records, the executed sql is SHOW TABLES
2023-08-21 19:10:13,817 - [INFO]  - mysql_util.py - [57] : checking table metadata.processed_file exists
2023-08-21 19:10:13,817 - [INFO]  - mysql_util.py - [66] : table processed_file has already existed in metadata
2023-08-21 19:10:13,820 - [INFO]  - mysql_util.py - [34] : executed sql the result includes 3 records, the executed sql is SELECT file_name from processed_file
2023-08-21 19:10:13,820 - [INFO]  - mysql_util.py - [77] : accessed metadata_db, and get all processed file list (('/Users/liuwenxuan/Downloads/黑马课程/大数据课程/04阶段：ETL项目实战/数据资料/JSON数据（订单业务）/x01',), ('/Users/liuwenxuan/Workspace/testdata/x07',), ('/Users/liuwenxuan/Workspace/testdata/x08',)) in tableprocessed_file
2023-08-21 19:10:13,820 - [INFO]  - json_service.py - [20] : these file in filelist have already been processed: ['/Users/liuwenxuan/Downloads/黑马课程/大数据课程/04阶段：ETL项目实战/数据资料/JSON数据（订单业务）/x01', '/Users/liuwenxuan/Workspace/testdata/x07', '/Users/liuwenxuan/Workspace/testdata/x08']
2023-08-21 19:10:13,820 - [INFO]  - json_service.py - [23] : these files need to be processed: ['/Users/liuwenxuan/Workspace/testdata/test/subfile-x01', '/Users/liuwenxuan/Workspace/testdata/x06', '/Users/liuwenxuan/Workspace/testdata/x01', '/Users/liuwenxuan/Workspace/testdata/x09', '/Users/liuwenxuan/Workspace/testdata/x10', '/Users/liuwenxuan/Workspace/testdata/x02', '/Users/liuwenxuan/Workspace/testdata/x05', '/Users/liuwenxuan/Workspace/testdata/x04', '/Users/liuwenxuan/Workspace/testdata/x03']
2023-08-21 19:10:15,592 - [INFO]  - json_service.py - [62] : complete csv file process, saved to : /Users/liuwenxuan/Workspace/csv/
2023-08-21 19:16:15,809 - [INFO]  - mysql_util.py - [24] : connected localhost:3306 with db 
2023-08-21 19:16:15,814 - [INFO]  - json_service.py - [11] : visited jason_service, start to process jason file....
2023-08-21 19:16:15,814 - [INFO]  - file_util.py - [10] :  reading all filenames under the /Users/liuwenxuan/Workspace/testdata
2023-08-21 19:16:15,816 - [INFO]  - file_util.py - [10] :  reading all filenames under the /Users/liuwenxuan/Workspace/testdata/test
2023-08-21 19:16:15,817 - [INFO]  - json_service.py - [16] : get filelist : ['/Users/liuwenxuan/Workspace/testdata/test/subfile-x01', '/Users/liuwenxuan/Workspace/testdata/x06', '/Users/liuwenxuan/Workspace/testdata/x01', '/Users/liuwenxuan/Workspace/testdata/x08', '/Users/liuwenxuan/Workspace/testdata/x09', '/Users/liuwenxuan/Workspace/testdata/x07', '/Users/liuwenxuan/Workspace/testdata/x10', '/Users/liuwenxuan/Workspace/testdata/x02', '/Users/liuwenxuan/Workspace/testdata/x05', '/Users/liuwenxuan/Workspace/testdata/x04', '/Users/liuwenxuan/Workspace/testdata/x03']
2023-08-21 19:17:33,683 - [INFO]  - mysql_util.py - [24] : connected localhost:3306 with db 
2023-08-21 19:17:33,689 - [INFO]  - json_service.py - [11] : visited jason_service, start to process jason file....
2023-08-21 19:17:33,689 - [INFO]  - file_util.py - [10] :  reading all filenames under the /Users/liuwenxuan/Workspace/testdata
2023-08-21 19:17:33,690 - [INFO]  - file_util.py - [10] :  reading all filenames under the /Users/liuwenxuan/Workspace/testdata/test
2023-08-21 19:17:33,691 - [INFO]  - json_service.py - [16] : get filelist : ['/Users/liuwenxuan/Workspace/testdata/test/subfile-x01', '/Users/liuwenxuan/Workspace/testdata/x06', '/Users/liuwenxuan/Workspace/testdata/x01', '/Users/liuwenxuan/Workspace/testdata/x08', '/Users/liuwenxuan/Workspace/testdata/x09', '/Users/liuwenxuan/Workspace/testdata/x07', '/Users/liuwenxuan/Workspace/testdata/x10', '/Users/liuwenxuan/Workspace/testdata/x02', '/Users/liuwenxuan/Workspace/testdata/x05', '/Users/liuwenxuan/Workspace/testdata/x04', '/Users/liuwenxuan/Workspace/testdata/x03']
2023-08-21 19:18:52,822 - [INFO]  - mysql_util.py - [24] : connected localhost:3306 with db 
2023-08-21 19:18:52,834 - [INFO]  - json_service.py - [8] : visited jason_service, start to process jason file....
2023-08-21 19:18:52,834 - [INFO]  - file_util.py - [10] :  reading all filenames under the /Users/liuwenxuan/Workspace/testdata
2023-08-21 19:18:52,842 - [INFO]  - file_util.py - [10] :  reading all filenames under the /Users/liuwenxuan/Workspace/testdata/test
2023-08-21 19:18:52,843 - [INFO]  - json_service.py - [13] : get filelist : ['/Users/liuwenxuan/Workspace/testdata/test/subfile-x01', '/Users/liuwenxuan/Workspace/testdata/x06', '/Users/liuwenxuan/Workspace/testdata/x01', '/Users/liuwenxuan/Workspace/testdata/x08', '/Users/liuwenxuan/Workspace/testdata/x09', '/Users/liuwenxuan/Workspace/testdata/x07', '/Users/liuwenxuan/Workspace/testdata/x10', '/Users/liuwenxuan/Workspace/testdata/x02', '/Users/liuwenxuan/Workspace/testdata/x05', '/Users/liuwenxuan/Workspace/testdata/x04', '/Users/liuwenxuan/Workspace/testdata/x03']
2023-08-21 19:19:59,605 - [INFO]  - mysql_util.py - [24] : connected localhost:3306 with db 
2023-08-21 19:19:59,609 - [INFO]  - json_service.py - [8] : visited jason_service, start to process jason file....
2023-08-21 19:19:59,610 - [INFO]  - file_util.py - [10] :  reading all filenames under the /Users/liuwenxuan/Workspace/testdata
2023-08-21 19:19:59,617 - [INFO]  - file_util.py - [10] :  reading all filenames under the /Users/liuwenxuan/Workspace/testdata/test
2023-08-21 19:19:59,619 - [INFO]  - json_service.py - [13] : get filelist : ['/Users/liuwenxuan/Workspace/testdata/test/subfile-x01', '/Users/liuwenxuan/Workspace/testdata/x06', '/Users/liuwenxuan/Workspace/testdata/x01', '/Users/liuwenxuan/Workspace/testdata/x08', '/Users/liuwenxuan/Workspace/testdata/x09', '/Users/liuwenxuan/Workspace/testdata/x07', '/Users/liuwenxuan/Workspace/testdata/x10', '/Users/liuwenxuan/Workspace/testdata/x02', '/Users/liuwenxuan/Workspace/testdata/x05', '/Users/liuwenxuan/Workspace/testdata/x04', '/Users/liuwenxuan/Workspace/testdata/x03']
2023-08-21 19:19:59,638 - [INFO]  - mysql_util.py - [34] : executed sql the result includes 1 records, the executed sql is SHOW TABLES
2023-08-21 19:19:59,638 - [INFO]  - mysql_util.py - [57] : checking table metadata.processed_file exists
2023-08-21 19:19:59,638 - [INFO]  - mysql_util.py - [66] : table processed_file has already existed in metadata
2023-08-21 19:19:59,639 - [INFO]  - mysql_util.py - [34] : executed sql the result includes 3 records, the executed sql is SELECT file_name from processed_file
2023-08-21 19:19:59,639 - [INFO]  - mysql_util.py - [77] : accessed metadata_db, and get all processed file list (('/Users/liuwenxuan/Downloads/黑马课程/大数据课程/04阶段：ETL项目实战/数据资料/JSON数据（订单业务）/x01',), ('/Users/liuwenxuan/Workspace/testdata/x07',), ('/Users/liuwenxuan/Workspace/testdata/x08',)) in tableprocessed_file
2023-08-21 19:19:59,639 - [INFO]  - json_service.py - [24] : these file in filelist have already been processed: ['/Users/liuwenxuan/Downloads/黑马课程/大数据课程/04阶段：ETL项目实战/数据资料/JSON数据（订单业务）/x01', '/Users/liuwenxuan/Workspace/testdata/x07', '/Users/liuwenxuan/Workspace/testdata/x08']
2023-08-21 19:19:59,639 - [INFO]  - json_service.py - [27] : these files need to be processed: ['/Users/liuwenxuan/Workspace/testdata/test/subfile-x01', '/Users/liuwenxuan/Workspace/testdata/x06', '/Users/liuwenxuan/Workspace/testdata/x01', '/Users/liuwenxuan/Workspace/testdata/x09', '/Users/liuwenxuan/Workspace/testdata/x10', '/Users/liuwenxuan/Workspace/testdata/x02', '/Users/liuwenxuan/Workspace/testdata/x05', '/Users/liuwenxuan/Workspace/testdata/x04', '/Users/liuwenxuan/Workspace/testdata/x03']
2023-08-21 19:20:01,503 - [INFO]  - json_service.py - [66] : complete csv file process, saved to : /Users/liuwenxuan/Workspace/csv/
2023-08-21 19:21:23,629 - [INFO]  - mysql_util.py - [24] : connected localhost:3306 with db 
2023-08-21 19:21:23,640 - [INFO]  - json_service.py - [8] : visited jason_service, start to process jason file....
2023-08-21 19:21:23,640 - [INFO]  - file_util.py - [10] :  reading all filenames under the /Users/liuwenxuan/Workspace/testdata
2023-08-21 19:21:23,641 - [INFO]  - file_util.py - [10] :  reading all filenames under the /Users/liuwenxuan/Workspace/testdata/test
2023-08-21 19:21:23,641 - [INFO]  - json_service.py - [13] : get filelist : ['/Users/liuwenxuan/Workspace/testdata/test/subfile-x01', '/Users/liuwenxuan/Workspace/testdata/x06', '/Users/liuwenxuan/Workspace/testdata/x01', '/Users/liuwenxuan/Workspace/testdata/x08', '/Users/liuwenxuan/Workspace/testdata/x09', '/Users/liuwenxuan/Workspace/testdata/x07', '/Users/liuwenxuan/Workspace/testdata/x10', '/Users/liuwenxuan/Workspace/testdata/x02', '/Users/liuwenxuan/Workspace/testdata/x05', '/Users/liuwenxuan/Workspace/testdata/x04', '/Users/liuwenxuan/Workspace/testdata/x03']
2023-08-21 19:21:23,659 - [INFO]  - mysql_util.py - [34] : executed sql the result includes 1 records, the executed sql is SHOW TABLES
2023-08-21 19:21:23,659 - [INFO]  - mysql_util.py - [57] : checking table metadata.processed_file exists
2023-08-21 19:21:23,660 - [INFO]  - mysql_util.py - [66] : table processed_file has already existed in metadata
2023-08-21 19:21:23,660 - [INFO]  - mysql_util.py - [34] : executed sql the result includes 3 records, the executed sql is SELECT file_name from processed_file
2023-08-21 19:21:23,661 - [INFO]  - mysql_util.py - [77] : accessed metadata_db, and get all processed file list (('/Users/liuwenxuan/Downloads/黑马课程/大数据课程/04阶段：ETL项目实战/数据资料/JSON数据（订单业务）/x01',), ('/Users/liuwenxuan/Workspace/testdata/x07',), ('/Users/liuwenxuan/Workspace/testdata/x08',)) in tableprocessed_file
2023-08-21 19:21:23,661 - [INFO]  - json_service.py - [24] : these file in filelist have already been processed: ['/Users/liuwenxuan/Downloads/黑马课程/大数据课程/04阶段：ETL项目实战/数据资料/JSON数据（订单业务）/x01', '/Users/liuwenxuan/Workspace/testdata/x07', '/Users/liuwenxuan/Workspace/testdata/x08']
2023-08-21 19:21:23,661 - [INFO]  - json_service.py - [27] : these files need to be processed: ['/Users/liuwenxuan/Workspace/testdata/test/subfile-x01', '/Users/liuwenxuan/Workspace/testdata/x06', '/Users/liuwenxuan/Workspace/testdata/x01', '/Users/liuwenxuan/Workspace/testdata/x09', '/Users/liuwenxuan/Workspace/testdata/x10', '/Users/liuwenxuan/Workspace/testdata/x02', '/Users/liuwenxuan/Workspace/testdata/x05', '/Users/liuwenxuan/Workspace/testdata/x04', '/Users/liuwenxuan/Workspace/testdata/x03']
2023-08-21 19:21:25,521 - [INFO]  - json_service.py - [66] : complete csv file process, saved to : /Users/liuwenxuan/Workspace/csv/
2023-08-21 19:23:30,983 - [INFO]  - mysql_util.py - [24] : connected localhost:3306 with db 
2023-08-21 19:23:30,998 - [INFO]  - json_service.py - [8] : visited jason_service, start to process jason file....
2023-08-21 19:23:30,998 - [INFO]  - file_util.py - [10] :  reading all filenames under the /Users/liuwenxuan/Workspace/testdata
2023-08-21 19:23:31,005 - [INFO]  - file_util.py - [10] :  reading all filenames under the /Users/liuwenxuan/Workspace/testdata/test
2023-08-21 19:23:31,006 - [INFO]  - json_service.py - [13] : get filelist : ['/Users/liuwenxuan/Workspace/testdata/test/subfile-x01', '/Users/liuwenxuan/Workspace/testdata/x06', '/Users/liuwenxuan/Workspace/testdata/x01', '/Users/liuwenxuan/Workspace/testdata/x08', '/Users/liuwenxuan/Workspace/testdata/x09', '/Users/liuwenxuan/Workspace/testdata/x07', '/Users/liuwenxuan/Workspace/testdata/x10', '/Users/liuwenxuan/Workspace/testdata/x02', '/Users/liuwenxuan/Workspace/testdata/x05', '/Users/liuwenxuan/Workspace/testdata/x04', '/Users/liuwenxuan/Workspace/testdata/x03']
2023-08-21 19:23:31,023 - [INFO]  - mysql_util.py - [34] : executed sql the result includes 1 records, the executed sql is SHOW TABLES
2023-08-21 19:23:31,023 - [INFO]  - mysql_util.py - [57] : checking table metadata.processed_file exists
2023-08-21 19:23:31,023 - [INFO]  - mysql_util.py - [66] : table processed_file has already existed in metadata
2023-08-21 19:23:31,024 - [INFO]  - mysql_util.py - [34] : executed sql the result includes 3 records, the executed sql is SELECT file_name from processed_file
2023-08-21 19:23:31,024 - [INFO]  - mysql_util.py - [77] : accessed metadata_db, and get all processed file list (('/Users/liuwenxuan/Downloads/黑马课程/大数据课程/04阶段：ETL项目实战/数据资料/JSON数据（订单业务）/x01',), ('/Users/liuwenxuan/Workspace/testdata/x07',), ('/Users/liuwenxuan/Workspace/testdata/x08',)) in tableprocessed_file
2023-08-21 19:23:31,025 - [INFO]  - json_service.py - [24] : these file in filelist have already been processed: ['/Users/liuwenxuan/Downloads/黑马课程/大数据课程/04阶段：ETL项目实战/数据资料/JSON数据（订单业务）/x01', '/Users/liuwenxuan/Workspace/testdata/x07', '/Users/liuwenxuan/Workspace/testdata/x08']
2023-08-21 19:23:31,025 - [INFO]  - json_service.py - [27] : these files need to be processed: ['/Users/liuwenxuan/Workspace/testdata/test/subfile-x01', '/Users/liuwenxuan/Workspace/testdata/x06', '/Users/liuwenxuan/Workspace/testdata/x01', '/Users/liuwenxuan/Workspace/testdata/x09', '/Users/liuwenxuan/Workspace/testdata/x10', '/Users/liuwenxuan/Workspace/testdata/x02', '/Users/liuwenxuan/Workspace/testdata/x05', '/Users/liuwenxuan/Workspace/testdata/x04', '/Users/liuwenxuan/Workspace/testdata/x03']
2023-08-21 19:23:33,009 - [INFO]  - json_service.py - [66] : complete csv file process, saved to : /Users/liuwenxuan/Workspace/csv/
2023-08-21 19:23:33,012 - [INFO]  - mysql_util.py - [34] : executed sql the result includes 0 records, the executed sql is SHOW TABLES
2023-08-21 19:23:33,012 - [INFO]  - mysql_util.py - [57] : checking table retail.orders exists
2023-08-21 19:23:33,081 - [INFO]  - mysql_util.py - [44] : force executed sql :create table orders (order_id VARCHAR(255) PRIMARY KEY, store_id INT COMMENT '店铺ID', store_name VARCHAR(30) COMMENT '店铺名称', store_status VARCHAR(10) COMMENT '店铺状态(open,close)', store_own_user_id INT COMMENT '店主id', store_own_user_name VARCHAR(50) COMMENT '店主名称', store_own_user_tel VARCHAR(15) COMMENT '店主手机号', store_category VARCHAR(10) COMMENT '店铺类型(normal,test)', store_address VARCHAR(255) COMMENT '店铺地址', store_shop_no VARCHAR(255) COMMENT '店铺第三方支付id号', store_province VARCHAR(10) COMMENT '店铺所在省', store_city VARCHAR(10) COMMENT '店铺所在市', store_district VARCHAR(10) COMMENT '店铺所在行政区', store_gps_name VARCHAR(255) COMMENT '店铺gps名称', store_gps_address VARCHAR(255) COMMENT '店铺gps地址', store_gps_longitude VARCHAR(255) COMMENT '店铺gps经度', store_gps_latitude VARCHAR(255) COMMENT '店铺gps纬度', is_signed TINYINT COMMENT '是否第三方支付签约(0,1)', operator VARCHAR(10) COMMENT '操作员', operator_name VARCHAR(50) COMMENT '操作员名称', face_id VARCHAR(255) COMMENT '顾客面部识别ID', member_id VARCHAR(255) COMMENT '顾客会员ID', store_create_date_ts TIMESTAMP COMMENT '店铺创建时间', origin VARCHAR(255) COMMENT '原始信息(无用)', day_order_seq INT COMMENT '本订单是当日第几单', discount_rate DECIMAL(10, 5) COMMENT '折扣率', discount_type TINYINT COMMENT '折扣类型', discount DECIMAL(10, 5) COMMENT '折扣金额', money_before_whole_discount DECIMAL(10, 5) COMMENT '折扣前总金额', receivable DECIMAL(10, 5) COMMENT '应收金额', erase DECIMAL(10, 5) COMMENT '抹零金额', small_change DECIMAL(10, 5) COMMENT '找零金额', total_no_discount DECIMAL(10, 5) COMMENT '总价格(无折扣)', pay_total DECIMAL(10, 5) COMMENT '付款金额', pay_type VARCHAR(10) COMMENT '付款类型', payment_channel TINYINT COMMENT '付款通道', payment_scenarios VARCHAR(15) COMMENT '付款描述(无用)', product_count INT COMMENT '本单卖出多少商品', date_ts TIMESTAMP COMMENT '订单时间', INDEX (receivable), INDEX (date_ts))
2023-08-21 19:23:33,081 - [INFO]  - mysql_util.py - [64] : create table orders in retail, the create table sentance is create table orders (order_id VARCHAR(255) PRIMARY KEY, store_id INT COMMENT '店铺ID', store_name VARCHAR(30) COMMENT '店铺名称', store_status VARCHAR(10) COMMENT '店铺状态(open,close)', store_own_user_id INT COMMENT '店主id', store_own_user_name VARCHAR(50) COMMENT '店主名称', store_own_user_tel VARCHAR(15) COMMENT '店主手机号', store_category VARCHAR(10) COMMENT '店铺类型(normal,test)', store_address VARCHAR(255) COMMENT '店铺地址', store_shop_no VARCHAR(255) COMMENT '店铺第三方支付id号', store_province VARCHAR(10) COMMENT '店铺所在省', store_city VARCHAR(10) COMMENT '店铺所在市', store_district VARCHAR(10) COMMENT '店铺所在行政区', store_gps_name VARCHAR(255) COMMENT '店铺gps名称', store_gps_address VARCHAR(255) COMMENT '店铺gps地址', store_gps_longitude VARCHAR(255) COMMENT '店铺gps经度', store_gps_latitude VARCHAR(255) COMMENT '店铺gps纬度', is_signed TINYINT COMMENT '是否第三方支付签约(0,1)', operator VARCHAR(10) COMMENT '操作员', operator_name VARCHAR(50) COMMENT '操作员名称', face_id VARCHAR(255) COMMENT '顾客面部识别ID', member_id VARCHAR(255) COMMENT '顾客会员ID', store_create_date_ts TIMESTAMP COMMENT '店铺创建时间', origin VARCHAR(255) COMMENT '原始信息(无用)', day_order_seq INT COMMENT '本订单是当日第几单', discount_rate DECIMAL(10, 5) COMMENT '折扣率', discount_type TINYINT COMMENT '折扣类型', discount DECIMAL(10, 5) COMMENT '折扣金额', money_before_whole_discount DECIMAL(10, 5) COMMENT '折扣前总金额', receivable DECIMAL(10, 5) COMMENT '应收金额', erase DECIMAL(10, 5) COMMENT '抹零金额', small_change DECIMAL(10, 5) COMMENT '找零金额', total_no_discount DECIMAL(10, 5) COMMENT '总价格(无折扣)', pay_total DECIMAL(10, 5) COMMENT '付款金额', pay_type VARCHAR(10) COMMENT '付款类型', payment_channel TINYINT COMMENT '付款通道', payment_scenarios VARCHAR(15) COMMENT '付款描述(无用)', product_count INT COMMENT '本单卖出多少商品', date_ts TIMESTAMP COMMENT '订单时间', INDEX (receivable), INDEX (date_ts))
2023-08-21 19:23:33,083 - [INFO]  - mysql_util.py - [34] : executed sql the result includes 1 records, the executed sql is SHOW TABLES
2023-08-21 19:23:33,083 - [INFO]  - mysql_util.py - [57] : checking table retail.order_details exists
2023-08-21 19:23:33,095 - [INFO]  - mysql_util.py - [44] : force executed sql :create table order_details (order_id VARCHAR(255) COMMENT '订单ID', barcode VARCHAR(255) COMMENT '商品条码', name VARCHAR(255) COMMENT '商品名称', count INT COMMENT '本单此商品卖出数量', price_per DECIMAL(10, 5) COMMENT '实际售卖单价', retail_price DECIMAL(10, 5) COMMENT '零售建议价', trade_price DECIMAL(10, 5) COMMENT '贸易价格(进货价)', category_id INT COMMENT '商品类别ID', unit_id INT COMMENT '商品单位ID(包、袋、箱、等)', PRIMARY KEY (order_id, barcode))
2023-08-21 19:23:33,095 - [INFO]  - mysql_util.py - [64] : create table order_details in retail, the create table sentance is create table order_details (order_id VARCHAR(255) COMMENT '订单ID', barcode VARCHAR(255) COMMENT '商品条码', name VARCHAR(255) COMMENT '商品名称', count INT COMMENT '本单此商品卖出数量', price_per DECIMAL(10, 5) COMMENT '实际售卖单价', retail_price DECIMAL(10, 5) COMMENT '零售建议价', trade_price DECIMAL(10, 5) COMMENT '贸易价格(进货价)', category_id INT COMMENT '商品类别ID', unit_id INT COMMENT '商品单位ID(包、袋、箱、等)', PRIMARY KEY (order_id, barcode))
2023-08-21 19:23:33,096 - [INFO]  - json_service.py - [80] : created order table in retail
2023-08-21 19:23:33,096 - [INFO]  - json_service.py - [81] : created order detail table in retail
2023-08-21 19:24:07,582 - [INFO]  - mysql_util.py - [24] : connected localhost:3306 with db 
2023-08-21 19:24:07,585 - [INFO]  - json_service.py - [8] : visited jason_service, start to process jason file....
2023-08-21 19:24:07,585 - [INFO]  - file_util.py - [10] :  reading all filenames under the /Users/liuwenxuan/Workspace/testdata
2023-08-21 19:24:07,585 - [INFO]  - file_util.py - [10] :  reading all filenames under the /Users/liuwenxuan/Workspace/testdata/test
2023-08-21 19:24:07,585 - [INFO]  - json_service.py - [13] : get filelist : ['/Users/liuwenxuan/Workspace/testdata/test/subfile-x01', '/Users/liuwenxuan/Workspace/testdata/x06', '/Users/liuwenxuan/Workspace/testdata/x01', '/Users/liuwenxuan/Workspace/testdata/x08', '/Users/liuwenxuan/Workspace/testdata/x09', '/Users/liuwenxuan/Workspace/testdata/x07', '/Users/liuwenxuan/Workspace/testdata/x10', '/Users/liuwenxuan/Workspace/testdata/x02', '/Users/liuwenxuan/Workspace/testdata/x05', '/Users/liuwenxuan/Workspace/testdata/x04', '/Users/liuwenxuan/Workspace/testdata/x03']
2023-08-21 19:24:07,601 - [INFO]  - mysql_util.py - [34] : executed sql the result includes 1 records, the executed sql is SHOW TABLES
2023-08-21 19:24:07,601 - [INFO]  - mysql_util.py - [57] : checking table metadata.processed_file exists
2023-08-21 19:24:07,601 - [INFO]  - mysql_util.py - [66] : table processed_file has already existed in metadata
2023-08-21 19:24:07,602 - [INFO]  - mysql_util.py - [34] : executed sql the result includes 3 records, the executed sql is SELECT file_name from processed_file
2023-08-21 19:24:07,602 - [INFO]  - mysql_util.py - [77] : accessed metadata_db, and get all processed file list (('/Users/liuwenxuan/Downloads/黑马课程/大数据课程/04阶段：ETL项目实战/数据资料/JSON数据（订单业务）/x01',), ('/Users/liuwenxuan/Workspace/testdata/x07',), ('/Users/liuwenxuan/Workspace/testdata/x08',)) in tableprocessed_file
2023-08-21 19:24:07,602 - [INFO]  - json_service.py - [24] : these file in filelist have already been processed: ['/Users/liuwenxuan/Downloads/黑马课程/大数据课程/04阶段：ETL项目实战/数据资料/JSON数据（订单业务）/x01', '/Users/liuwenxuan/Workspace/testdata/x07', '/Users/liuwenxuan/Workspace/testdata/x08']
2023-08-21 19:24:07,602 - [INFO]  - json_service.py - [27] : these files need to be processed: ['/Users/liuwenxuan/Workspace/testdata/test/subfile-x01', '/Users/liuwenxuan/Workspace/testdata/x06', '/Users/liuwenxuan/Workspace/testdata/x01', '/Users/liuwenxuan/Workspace/testdata/x09', '/Users/liuwenxuan/Workspace/testdata/x10', '/Users/liuwenxuan/Workspace/testdata/x02', '/Users/liuwenxuan/Workspace/testdata/x05', '/Users/liuwenxuan/Workspace/testdata/x04', '/Users/liuwenxuan/Workspace/testdata/x03']
2023-08-21 19:24:09,422 - [INFO]  - json_service.py - [66] : complete csv file process, saved to : /Users/liuwenxuan/Workspace/csv/
2023-08-21 19:24:09,424 - [INFO]  - mysql_util.py - [34] : executed sql the result includes 2 records, the executed sql is SHOW TABLES
2023-08-21 19:24:09,424 - [INFO]  - mysql_util.py - [57] : checking table retail.orders exists
2023-08-21 19:24:09,424 - [INFO]  - mysql_util.py - [66] : table orders has already existed in retail
2023-08-21 19:24:09,425 - [INFO]  - mysql_util.py - [34] : executed sql the result includes 2 records, the executed sql is SHOW TABLES
2023-08-21 19:24:09,425 - [INFO]  - mysql_util.py - [57] : checking table retail.order_details exists
2023-08-21 19:24:09,426 - [INFO]  - mysql_util.py - [66] : table order_details has already existed in retail
2023-08-21 19:24:09,426 - [INFO]  - json_service.py - [80] : created order table in retail
2023-08-21 19:24:09,426 - [INFO]  - json_service.py - [81] : created order detail table in retail
2023-08-21 19:25:43,108 - [INFO]  - mysql_util.py - [24] : connected localhost:3306 with db 
2023-08-21 19:25:43,125 - [INFO]  - json_service.py - [8] : visited jason_service, start to process jason file....
2023-08-21 19:25:43,125 - [INFO]  - file_util.py - [10] :  reading all filenames under the /Users/liuwenxuan/Workspace/testdata
2023-08-21 19:25:43,126 - [INFO]  - file_util.py - [10] :  reading all filenames under the /Users/liuwenxuan/Workspace/testdata/test
2023-08-21 19:25:43,127 - [INFO]  - json_service.py - [13] : get filelist : ['/Users/liuwenxuan/Workspace/testdata/test/subfile-x01', '/Users/liuwenxuan/Workspace/testdata/x06', '/Users/liuwenxuan/Workspace/testdata/x01', '/Users/liuwenxuan/Workspace/testdata/x08', '/Users/liuwenxuan/Workspace/testdata/x09', '/Users/liuwenxuan/Workspace/testdata/x07', '/Users/liuwenxuan/Workspace/testdata/x10', '/Users/liuwenxuan/Workspace/testdata/x02', '/Users/liuwenxuan/Workspace/testdata/x05', '/Users/liuwenxuan/Workspace/testdata/x04', '/Users/liuwenxuan/Workspace/testdata/x03']
2023-08-21 19:25:43,146 - [INFO]  - mysql_util.py - [34] : executed sql the result includes 1 records, the executed sql is SHOW TABLES
2023-08-21 19:25:43,146 - [INFO]  - mysql_util.py - [57] : checking table metadata.processed_file exists
2023-08-21 19:25:43,146 - [INFO]  - mysql_util.py - [66] : table processed_file has already existed in metadata
2023-08-21 19:25:43,147 - [INFO]  - mysql_util.py - [34] : executed sql the result includes 3 records, the executed sql is SELECT file_name from processed_file
2023-08-21 19:25:43,147 - [INFO]  - mysql_util.py - [77] : accessed metadata_db, and get all processed file list (('/Users/liuwenxuan/Downloads/黑马课程/大数据课程/04阶段：ETL项目实战/数据资料/JSON数据（订单业务）/x01',), ('/Users/liuwenxuan/Workspace/testdata/x07',), ('/Users/liuwenxuan/Workspace/testdata/x08',)) in tableprocessed_file
2023-08-21 19:25:43,147 - [INFO]  - json_service.py - [24] : these file in filelist have already been processed: ['/Users/liuwenxuan/Downloads/黑马课程/大数据课程/04阶段：ETL项目实战/数据资料/JSON数据（订单业务）/x01', '/Users/liuwenxuan/Workspace/testdata/x07', '/Users/liuwenxuan/Workspace/testdata/x08']
2023-08-21 19:25:43,147 - [INFO]  - json_service.py - [27] : these files need to be processed: ['/Users/liuwenxuan/Workspace/testdata/test/subfile-x01', '/Users/liuwenxuan/Workspace/testdata/x06', '/Users/liuwenxuan/Workspace/testdata/x01', '/Users/liuwenxuan/Workspace/testdata/x09', '/Users/liuwenxuan/Workspace/testdata/x10', '/Users/liuwenxuan/Workspace/testdata/x02', '/Users/liuwenxuan/Workspace/testdata/x05', '/Users/liuwenxuan/Workspace/testdata/x04', '/Users/liuwenxuan/Workspace/testdata/x03']
2023-08-21 19:25:45,285 - [INFO]  - json_service.py - [66] : complete csv file process, saved to : /Users/liuwenxuan/Workspace/csv/
2023-08-21 19:25:45,289 - [INFO]  - mysql_util.py - [34] : executed sql the result includes 2 records, the executed sql is SHOW TABLES
2023-08-21 19:25:45,289 - [INFO]  - mysql_util.py - [57] : checking table retail.orders exists
2023-08-21 19:25:45,289 - [INFO]  - mysql_util.py - [66] : table orders has already existed in retail
2023-08-21 19:25:45,290 - [INFO]  - mysql_util.py - [34] : executed sql the result includes 2 records, the executed sql is SHOW TABLES
2023-08-21 19:25:45,290 - [INFO]  - mysql_util.py - [57] : checking table retail.order_details exists
2023-08-21 19:25:45,290 - [INFO]  - mysql_util.py - [66] : table order_details has already existed in retail
2023-08-21 19:25:45,290 - [INFO]  - json_service.py - [80] : created order table in retail
2023-08-21 19:25:45,290 - [INFO]  - json_service.py - [81] : created order detail table in retail
2023-08-21 19:26:01,636 - [INFO]  - mysql_util.py - [24] : connected localhost:3306 with db 
2023-08-21 19:26:01,640 - [INFO]  - json_service.py - [8] : visited jason_service, start to process jason file....
2023-08-21 19:26:01,640 - [INFO]  - file_util.py - [10] :  reading all filenames under the /Users/liuwenxuan/Workspace/testdata
2023-08-21 19:26:01,640 - [INFO]  - file_util.py - [10] :  reading all filenames under the /Users/liuwenxuan/Workspace/testdata/test
2023-08-21 19:26:01,641 - [INFO]  - json_service.py - [13] : get filelist : ['/Users/liuwenxuan/Workspace/testdata/test/subfile-x01', '/Users/liuwenxuan/Workspace/testdata/x06', '/Users/liuwenxuan/Workspace/testdata/x01', '/Users/liuwenxuan/Workspace/testdata/x08', '/Users/liuwenxuan/Workspace/testdata/x09', '/Users/liuwenxuan/Workspace/testdata/x07', '/Users/liuwenxuan/Workspace/testdata/x10', '/Users/liuwenxuan/Workspace/testdata/x02', '/Users/liuwenxuan/Workspace/testdata/x05', '/Users/liuwenxuan/Workspace/testdata/x04', '/Users/liuwenxuan/Workspace/testdata/x03']
2023-08-21 19:26:01,651 - [INFO]  - mysql_util.py - [34] : executed sql the result includes 1 records, the executed sql is SHOW TABLES
2023-08-21 19:26:01,651 - [INFO]  - mysql_util.py - [57] : checking table metadata.processed_file exists
2023-08-21 19:26:01,651 - [INFO]  - mysql_util.py - [66] : table processed_file has already existed in metadata
2023-08-21 19:26:01,652 - [INFO]  - mysql_util.py - [34] : executed sql the result includes 3 records, the executed sql is SELECT file_name from processed_file
2023-08-21 19:26:01,652 - [INFO]  - mysql_util.py - [77] : accessed metadata_db, and get all processed file list (('/Users/liuwenxuan/Downloads/黑马课程/大数据课程/04阶段：ETL项目实战/数据资料/JSON数据（订单业务）/x01',), ('/Users/liuwenxuan/Workspace/testdata/x07',), ('/Users/liuwenxuan/Workspace/testdata/x08',)) in tableprocessed_file
2023-08-21 19:26:01,652 - [INFO]  - json_service.py - [24] : these file in filelist have already been processed: ['/Users/liuwenxuan/Downloads/黑马课程/大数据课程/04阶段：ETL项目实战/数据资料/JSON数据（订单业务）/x01', '/Users/liuwenxuan/Workspace/testdata/x07', '/Users/liuwenxuan/Workspace/testdata/x08']
2023-08-21 19:26:01,652 - [INFO]  - json_service.py - [27] : these files need to be processed: ['/Users/liuwenxuan/Workspace/testdata/test/subfile-x01', '/Users/liuwenxuan/Workspace/testdata/x06', '/Users/liuwenxuan/Workspace/testdata/x01', '/Users/liuwenxuan/Workspace/testdata/x09', '/Users/liuwenxuan/Workspace/testdata/x10', '/Users/liuwenxuan/Workspace/testdata/x02', '/Users/liuwenxuan/Workspace/testdata/x05', '/Users/liuwenxuan/Workspace/testdata/x04', '/Users/liuwenxuan/Workspace/testdata/x03']
2023-08-21 19:26:03,523 - [INFO]  - json_service.py - [66] : complete csv file process, saved to : /Users/liuwenxuan/Workspace/csv/
2023-08-21 19:26:03,527 - [INFO]  - mysql_util.py - [34] : executed sql the result includes 2 records, the executed sql is SHOW TABLES
2023-08-21 19:26:03,527 - [INFO]  - mysql_util.py - [57] : checking table retail.orders exists
2023-08-21 19:26:03,528 - [INFO]  - mysql_util.py - [66] : table orders has already existed in retail
2023-08-21 19:26:03,529 - [INFO]  - mysql_util.py - [34] : executed sql the result includes 2 records, the executed sql is SHOW TABLES
2023-08-21 19:26:03,529 - [INFO]  - mysql_util.py - [57] : checking table retail.order_details exists
2023-08-21 19:26:03,529 - [INFO]  - mysql_util.py - [66] : table order_details has already existed in retail
2023-08-21 19:26:03,529 - [INFO]  - json_service.py - [78] : created order table in retail
2023-08-21 19:26:03,529 - [INFO]  - json_service.py - [79] : created order detail table in retail
2023-08-21 19:29:57,238 - [INFO]  - mysql_util.py - [24] : connected localhost:3306 with db 
2023-08-21 19:29:57,242 - [INFO]  - json_service.py - [8] : visited jason_service, start to process jason file....
2023-08-21 19:29:57,242 - [INFO]  - file_util.py - [10] :  reading all filenames under the /Users/liuwenxuan/Workspace/testdata/
2023-08-21 19:29:57,243 - [INFO]  - file_util.py - [10] :  reading all filenames under the /Users/liuwenxuan/Workspace/testdata//test
2023-08-21 19:29:57,243 - [INFO]  - json_service.py - [13] : get filelist : ['/Users/liuwenxuan/Workspace/testdata//test/subfile-x01', '/Users/liuwenxuan/Workspace/testdata//x06', '/Users/liuwenxuan/Workspace/testdata//x01', '/Users/liuwenxuan/Workspace/testdata//x08', '/Users/liuwenxuan/Workspace/testdata//x09', '/Users/liuwenxuan/Workspace/testdata//x07', '/Users/liuwenxuan/Workspace/testdata//x10', '/Users/liuwenxuan/Workspace/testdata//x02', '/Users/liuwenxuan/Workspace/testdata//x05', '/Users/liuwenxuan/Workspace/testdata//x04', '/Users/liuwenxuan/Workspace/testdata//x03']
2023-08-21 19:29:57,262 - [INFO]  - mysql_util.py - [34] : executed sql the result includes 1 records, the executed sql is SHOW TABLES
2023-08-21 19:29:57,262 - [INFO]  - mysql_util.py - [57] : checking table metadata.processed_file exists
2023-08-21 19:29:57,262 - [INFO]  - mysql_util.py - [66] : table processed_file has already existed in metadata
2023-08-21 19:29:57,264 - [INFO]  - mysql_util.py - [34] : executed sql the result includes 3 records, the executed sql is SELECT file_name from processed_file
2023-08-21 19:29:57,264 - [INFO]  - mysql_util.py - [77] : accessed metadata_db, and get all processed file list (('/Users/liuwenxuan/Downloads/黑马课程/大数据课程/04阶段：ETL项目实战/数据资料/JSON数据（订单业务）/x01',), ('/Users/liuwenxuan/Workspace/testdata/x07',), ('/Users/liuwenxuan/Workspace/testdata/x08',)) in tableprocessed_file
2023-08-21 19:29:57,265 - [INFO]  - json_service.py - [24] : these file in filelist have already been processed: ['/Users/liuwenxuan/Downloads/黑马课程/大数据课程/04阶段：ETL项目实战/数据资料/JSON数据（订单业务）/x01', '/Users/liuwenxuan/Workspace/testdata/x07', '/Users/liuwenxuan/Workspace/testdata/x08']
2023-08-21 19:29:57,265 - [INFO]  - json_service.py - [27] : these files need to be processed: ['/Users/liuwenxuan/Workspace/testdata//test/subfile-x01', '/Users/liuwenxuan/Workspace/testdata//x06', '/Users/liuwenxuan/Workspace/testdata//x01', '/Users/liuwenxuan/Workspace/testdata//x08', '/Users/liuwenxuan/Workspace/testdata//x09', '/Users/liuwenxuan/Workspace/testdata//x07', '/Users/liuwenxuan/Workspace/testdata//x10', '/Users/liuwenxuan/Workspace/testdata//x02', '/Users/liuwenxuan/Workspace/testdata//x05', '/Users/liuwenxuan/Workspace/testdata//x04', '/Users/liuwenxuan/Workspace/testdata//x03']
2023-08-21 19:29:59,757 - [INFO]  - json_service.py - [66] : complete csv file process, saved to : /Users/liuwenxuan/Workspace/csv/
2023-08-21 19:29:59,761 - [INFO]  - mysql_util.py - [34] : executed sql the result includes 2 records, the executed sql is SHOW TABLES
2023-08-21 19:29:59,761 - [INFO]  - mysql_util.py - [57] : checking table retail.orders exists
2023-08-21 19:29:59,762 - [INFO]  - mysql_util.py - [66] : table orders has already existed in retail
2023-08-21 19:29:59,763 - [INFO]  - mysql_util.py - [34] : executed sql the result includes 2 records, the executed sql is SHOW TABLES
2023-08-21 19:29:59,763 - [INFO]  - mysql_util.py - [57] : checking table retail.order_details exists
2023-08-21 19:29:59,763 - [INFO]  - mysql_util.py - [66] : table order_details has already existed in retail
2023-08-21 19:29:59,763 - [INFO]  - json_service.py - [78] : created order table in retail
2023-08-21 19:29:59,763 - [INFO]  - json_service.py - [79] : created order detail table in retail
2023-08-21 19:44:53,780 - [INFO]  - mysql_util.py - [24] : connected localhost:3306 with db 
2023-08-21 19:44:53,785 - [INFO]  - json_service.py - [8] : visited jason_service, start to process jason file....
2023-08-21 19:44:53,786 - [INFO]  - file_util.py - [10] :  reading all filenames under the /Users/liuwenxuan/Workspace/testdata/
2023-08-21 19:44:53,787 - [INFO]  - file_util.py - [10] :  reading all filenames under the /Users/liuwenxuan/Workspace/testdata//test
2023-08-21 19:44:53,788 - [INFO]  - json_service.py - [13] : get filelist : ['/Users/liuwenxuan/Workspace/testdata//.DS_Store', '/Users/liuwenxuan/Workspace/testdata//test/subfile-x01', '/Users/liuwenxuan/Workspace/testdata//x06', '/Users/liuwenxuan/Workspace/testdata//x01', '/Users/liuwenxuan/Workspace/testdata//x08', '/Users/liuwenxuan/Workspace/testdata//x09', '/Users/liuwenxuan/Workspace/testdata//x07', '/Users/liuwenxuan/Workspace/testdata//x10', '/Users/liuwenxuan/Workspace/testdata//x02', '/Users/liuwenxuan/Workspace/testdata//x05', '/Users/liuwenxuan/Workspace/testdata//x04', '/Users/liuwenxuan/Workspace/testdata//x03']
2023-08-21 19:44:53,847 - [INFO]  - mysql_util.py - [34] : executed sql the result includes 1 records, the executed sql is SHOW TABLES
2023-08-21 19:44:53,847 - [INFO]  - mysql_util.py - [57] : checking table metadata.processed_file exists
2023-08-21 19:44:53,847 - [INFO]  - mysql_util.py - [66] : table processed_file has already existed in metadata
2023-08-21 19:44:53,855 - [INFO]  - mysql_util.py - [34] : executed sql the result includes 3 records, the executed sql is SELECT file_name from processed_file
2023-08-21 19:44:53,855 - [INFO]  - mysql_util.py - [77] : accessed metadata_db, and get all processed file list (('/Users/liuwenxuan/Downloads/黑马课程/大数据课程/04阶段：ETL项目实战/数据资料/JSON数据（订单业务）/x01',), ('/Users/liuwenxuan/Workspace/testdata/x07',), ('/Users/liuwenxuan/Workspace/testdata/x08',)) in tableprocessed_file
2023-08-21 19:44:53,855 - [INFO]  - json_service.py - [24] : these file in filelist have already been processed: ['/Users/liuwenxuan/Downloads/黑马课程/大数据课程/04阶段：ETL项目实战/数据资料/JSON数据（订单业务）/x01', '/Users/liuwenxuan/Workspace/testdata/x07', '/Users/liuwenxuan/Workspace/testdata/x08']
2023-08-21 19:44:53,855 - [INFO]  - json_service.py - [27] : these files need to be processed: ['/Users/liuwenxuan/Workspace/testdata//.DS_Store', '/Users/liuwenxuan/Workspace/testdata//test/subfile-x01', '/Users/liuwenxuan/Workspace/testdata//x06', '/Users/liuwenxuan/Workspace/testdata//x01', '/Users/liuwenxuan/Workspace/testdata//x08', '/Users/liuwenxuan/Workspace/testdata//x09', '/Users/liuwenxuan/Workspace/testdata//x07', '/Users/liuwenxuan/Workspace/testdata//x10', '/Users/liuwenxuan/Workspace/testdata//x02', '/Users/liuwenxuan/Workspace/testdata//x05', '/Users/liuwenxuan/Workspace/testdata//x04', '/Users/liuwenxuan/Workspace/testdata//x03']
2023-08-21 19:45:25,139 - [INFO]  - mysql_util.py - [24] : connected localhost:3306 with db 
2023-08-21 19:45:25,140 - [INFO]  - json_service.py - [8] : visited jason_service, start to process jason file....
2023-08-21 19:45:25,140 - [INFO]  - file_util.py - [10] :  reading all filenames under the /Users/liuwenxuan/Workspace/testdata/
2023-08-21 19:45:25,141 - [INFO]  - file_util.py - [10] :  reading all filenames under the /Users/liuwenxuan/Workspace/testdata//test
2023-08-21 19:45:25,141 - [INFO]  - json_service.py - [13] : get filelist : ['/Users/liuwenxuan/Workspace/testdata//.DS_Store', '/Users/liuwenxuan/Workspace/testdata//test/subfile-x01', '/Users/liuwenxuan/Workspace/testdata//x06', '/Users/liuwenxuan/Workspace/testdata//x01', '/Users/liuwenxuan/Workspace/testdata//x08', '/Users/liuwenxuan/Workspace/testdata//x09', '/Users/liuwenxuan/Workspace/testdata//x07', '/Users/liuwenxuan/Workspace/testdata//x10', '/Users/liuwenxuan/Workspace/testdata//x02', '/Users/liuwenxuan/Workspace/testdata//x05', '/Users/liuwenxuan/Workspace/testdata//x04', '/Users/liuwenxuan/Workspace/testdata//x03']
2023-08-21 19:45:25,173 - [INFO]  - mysql_util.py - [34] : executed sql the result includes 1 records, the executed sql is SHOW TABLES
2023-08-21 19:45:25,174 - [INFO]  - mysql_util.py - [57] : checking table metadata.processed_file exists
2023-08-21 19:45:25,174 - [INFO]  - mysql_util.py - [66] : table processed_file has already existed in metadata
2023-08-21 19:45:25,177 - [INFO]  - mysql_util.py - [34] : executed sql the result includes 3 records, the executed sql is SELECT file_name from processed_file
2023-08-21 19:45:25,177 - [INFO]  - mysql_util.py - [77] : accessed metadata_db, and get all processed file list (('/Users/liuwenxuan/Downloads/黑马课程/大数据课程/04阶段：ETL项目实战/数据资料/JSON数据（订单业务）/x01',), ('/Users/liuwenxuan/Workspace/testdata/x07',), ('/Users/liuwenxuan/Workspace/testdata/x08',)) in tableprocessed_file
2023-08-21 19:45:25,177 - [INFO]  - json_service.py - [24] : these file in filelist have already been processed: ['/Users/liuwenxuan/Downloads/黑马课程/大数据课程/04阶段：ETL项目实战/数据资料/JSON数据（订单业务）/x01', '/Users/liuwenxuan/Workspace/testdata/x07', '/Users/liuwenxuan/Workspace/testdata/x08']
2023-08-21 19:45:25,177 - [INFO]  - json_service.py - [27] : these files need to be processed: ['/Users/liuwenxuan/Workspace/testdata//.DS_Store', '/Users/liuwenxuan/Workspace/testdata//test/subfile-x01', '/Users/liuwenxuan/Workspace/testdata//x06', '/Users/liuwenxuan/Workspace/testdata//x01', '/Users/liuwenxuan/Workspace/testdata//x08', '/Users/liuwenxuan/Workspace/testdata//x09', '/Users/liuwenxuan/Workspace/testdata//x07', '/Users/liuwenxuan/Workspace/testdata//x10', '/Users/liuwenxuan/Workspace/testdata//x02', '/Users/liuwenxuan/Workspace/testdata//x05', '/Users/liuwenxuan/Workspace/testdata//x04', '/Users/liuwenxuan/Workspace/testdata//x03']
2023-08-21 19:45:41,499 - [INFO]  - mysql_util.py - [24] : connected localhost:3306 with db 
2023-08-21 19:45:41,500 - [INFO]  - json_service.py - [8] : visited jason_service, start to process jason file....
2023-08-21 19:45:41,500 - [INFO]  - file_util.py - [10] :  reading all filenames under the /Users/liuwenxuan/Workspace/testdata/
2023-08-21 19:45:41,500 - [INFO]  - file_util.py - [10] :  reading all filenames under the /Users/liuwenxuan/Workspace/testdata//test
2023-08-21 19:45:41,501 - [INFO]  - json_service.py - [13] : get filelist : ['/Users/liuwenxuan/Workspace/testdata//.DS_Store', '/Users/liuwenxuan/Workspace/testdata//test/subfile-x01', '/Users/liuwenxuan/Workspace/testdata//x06', '/Users/liuwenxuan/Workspace/testdata//x01', '/Users/liuwenxuan/Workspace/testdata//x08', '/Users/liuwenxuan/Workspace/testdata//x09', '/Users/liuwenxuan/Workspace/testdata//x07', '/Users/liuwenxuan/Workspace/testdata//x10', '/Users/liuwenxuan/Workspace/testdata//x02', '/Users/liuwenxuan/Workspace/testdata//x05', '/Users/liuwenxuan/Workspace/testdata//x04', '/Users/liuwenxuan/Workspace/testdata//x03']
2023-08-21 19:45:41,513 - [INFO]  - mysql_util.py - [34] : executed sql the result includes 1 records, the executed sql is SHOW TABLES
2023-08-21 19:45:41,514 - [INFO]  - mysql_util.py - [57] : checking table metadata.processed_file exists
2023-08-21 19:45:41,514 - [INFO]  - mysql_util.py - [66] : table processed_file has already existed in metadata
2023-08-21 19:45:41,517 - [INFO]  - mysql_util.py - [34] : executed sql the result includes 3 records, the executed sql is SELECT file_name from processed_file
2023-08-21 19:45:41,517 - [INFO]  - mysql_util.py - [77] : accessed metadata_db, and get all processed file list (('/Users/liuwenxuan/Downloads/黑马课程/大数据课程/04阶段：ETL项目实战/数据资料/JSON数据（订单业务）/x01',), ('/Users/liuwenxuan/Workspace/testdata/x07',), ('/Users/liuwenxuan/Workspace/testdata/x08',)) in tableprocessed_file
2023-08-21 19:45:41,517 - [INFO]  - json_service.py - [24] : these file in filelist have already been processed: ['/Users/liuwenxuan/Downloads/黑马课程/大数据课程/04阶段：ETL项目实战/数据资料/JSON数据（订单业务）/x01', '/Users/liuwenxuan/Workspace/testdata/x07', '/Users/liuwenxuan/Workspace/testdata/x08']
2023-08-21 19:45:41,517 - [INFO]  - json_service.py - [27] : these files need to be processed: ['/Users/liuwenxuan/Workspace/testdata//.DS_Store', '/Users/liuwenxuan/Workspace/testdata//test/subfile-x01', '/Users/liuwenxuan/Workspace/testdata//x06', '/Users/liuwenxuan/Workspace/testdata//x01', '/Users/liuwenxuan/Workspace/testdata//x08', '/Users/liuwenxuan/Workspace/testdata//x09', '/Users/liuwenxuan/Workspace/testdata//x07', '/Users/liuwenxuan/Workspace/testdata//x10', '/Users/liuwenxuan/Workspace/testdata//x02', '/Users/liuwenxuan/Workspace/testdata//x05', '/Users/liuwenxuan/Workspace/testdata//x04', '/Users/liuwenxuan/Workspace/testdata//x03']
2023-08-21 19:45:57,475 - [INFO]  - mysql_util.py - [24] : connected localhost:3306 with db 
2023-08-21 19:45:57,476 - [INFO]  - json_service.py - [8] : visited jason_service, start to process jason file....
2023-08-21 19:45:57,476 - [INFO]  - file_util.py - [10] :  reading all filenames under the /Users/liuwenxuan/Workspace/testdata/
2023-08-21 19:45:57,476 - [INFO]  - file_util.py - [10] :  reading all filenames under the /Users/liuwenxuan/Workspace/testdata//test
2023-08-21 19:45:57,476 - [INFO]  - json_service.py - [13] : get filelist : ['/Users/liuwenxuan/Workspace/testdata//.DS_Store', '/Users/liuwenxuan/Workspace/testdata//test/subfile-x01', '/Users/liuwenxuan/Workspace/testdata//x06', '/Users/liuwenxuan/Workspace/testdata//x01', '/Users/liuwenxuan/Workspace/testdata//x08', '/Users/liuwenxuan/Workspace/testdata//x09', '/Users/liuwenxuan/Workspace/testdata//x07', '/Users/liuwenxuan/Workspace/testdata//x10', '/Users/liuwenxuan/Workspace/testdata//x02', '/Users/liuwenxuan/Workspace/testdata//x05', '/Users/liuwenxuan/Workspace/testdata//x04', '/Users/liuwenxuan/Workspace/testdata//x03']
2023-08-21 19:45:57,487 - [INFO]  - mysql_util.py - [34] : executed sql the result includes 1 records, the executed sql is SHOW TABLES
2023-08-21 19:45:57,487 - [INFO]  - mysql_util.py - [57] : checking table metadata.processed_file exists
2023-08-21 19:45:57,487 - [INFO]  - mysql_util.py - [66] : table processed_file has already existed in metadata
2023-08-21 19:45:57,490 - [INFO]  - mysql_util.py - [34] : executed sql the result includes 3 records, the executed sql is SELECT file_name from processed_file
2023-08-21 19:45:57,490 - [INFO]  - mysql_util.py - [77] : accessed metadata_db, and get all processed file list (('/Users/liuwenxuan/Downloads/黑马课程/大数据课程/04阶段：ETL项目实战/数据资料/JSON数据（订单业务）/x01',), ('/Users/liuwenxuan/Workspace/testdata/x07',), ('/Users/liuwenxuan/Workspace/testdata/x08',)) in tableprocessed_file
2023-08-21 19:45:57,490 - [INFO]  - json_service.py - [24] : these file in filelist have already been processed: ['/Users/liuwenxuan/Downloads/黑马课程/大数据课程/04阶段：ETL项目实战/数据资料/JSON数据（订单业务）/x01', '/Users/liuwenxuan/Workspace/testdata/x07', '/Users/liuwenxuan/Workspace/testdata/x08']
2023-08-21 19:45:57,490 - [INFO]  - json_service.py - [27] : these files need to be processed: ['/Users/liuwenxuan/Workspace/testdata//.DS_Store', '/Users/liuwenxuan/Workspace/testdata//test/subfile-x01', '/Users/liuwenxuan/Workspace/testdata//x06', '/Users/liuwenxuan/Workspace/testdata//x01', '/Users/liuwenxuan/Workspace/testdata//x08', '/Users/liuwenxuan/Workspace/testdata//x09', '/Users/liuwenxuan/Workspace/testdata//x07', '/Users/liuwenxuan/Workspace/testdata//x10', '/Users/liuwenxuan/Workspace/testdata//x02', '/Users/liuwenxuan/Workspace/testdata//x05', '/Users/liuwenxuan/Workspace/testdata//x04', '/Users/liuwenxuan/Workspace/testdata//x03']
2023-08-21 19:46:37,661 - [INFO]  - mysql_util.py - [24] : connected localhost:3306 with db 
2023-08-21 19:46:37,662 - [INFO]  - json_service.py - [8] : visited jason_service, start to process jason file....
2023-08-21 19:46:37,662 - [INFO]  - file_util.py - [10] :  reading all filenames under the /Users/liuwenxuan/Workspace/testdata/
2023-08-21 19:46:37,662 - [INFO]  - file_util.py - [10] :  reading all filenames under the /Users/liuwenxuan/Workspace/testdata//test
2023-08-21 19:46:37,662 - [INFO]  - json_service.py - [13] : get filelist : ['/Users/liuwenxuan/Workspace/testdata//.DS_Store', '/Users/liuwenxuan/Workspace/testdata//test/subfile-x01', '/Users/liuwenxuan/Workspace/testdata//x06', '/Users/liuwenxuan/Workspace/testdata//x01', '/Users/liuwenxuan/Workspace/testdata//x08', '/Users/liuwenxuan/Workspace/testdata//x09', '/Users/liuwenxuan/Workspace/testdata//x07', '/Users/liuwenxuan/Workspace/testdata//x10', '/Users/liuwenxuan/Workspace/testdata//x02', '/Users/liuwenxuan/Workspace/testdata//x05', '/Users/liuwenxuan/Workspace/testdata//x04', '/Users/liuwenxuan/Workspace/testdata//x03']
2023-08-21 19:46:37,674 - [INFO]  - mysql_util.py - [34] : executed sql the result includes 1 records, the executed sql is SHOW TABLES
2023-08-21 19:46:37,674 - [INFO]  - mysql_util.py - [57] : checking table metadata.processed_file exists
2023-08-21 19:46:37,674 - [INFO]  - mysql_util.py - [66] : table processed_file has already existed in metadata
2023-08-21 19:46:37,674 - [INFO]  - mysql_util.py - [34] : executed sql the result includes 3 records, the executed sql is SELECT file_name from processed_file
2023-08-21 19:46:37,675 - [INFO]  - mysql_util.py - [77] : accessed metadata_db, and get all processed file list (('/Users/liuwenxuan/Downloads/黑马课程/大数据课程/04阶段：ETL项目实战/数据资料/JSON数据（订单业务）/x01',), ('/Users/liuwenxuan/Workspace/testdata/x07',), ('/Users/liuwenxuan/Workspace/testdata/x08',)) in tableprocessed_file
2023-08-21 19:46:37,675 - [INFO]  - json_service.py - [24] : these file in filelist have already been processed: ['/Users/liuwenxuan/Downloads/黑马课程/大数据课程/04阶段：ETL项目实战/数据资料/JSON数据（订单业务）/x01', '/Users/liuwenxuan/Workspace/testdata/x07', '/Users/liuwenxuan/Workspace/testdata/x08']
2023-08-21 19:46:37,675 - [INFO]  - json_service.py - [27] : these files need to be processed: ['/Users/liuwenxuan/Workspace/testdata//.DS_Store', '/Users/liuwenxuan/Workspace/testdata//test/subfile-x01', '/Users/liuwenxuan/Workspace/testdata//x06', '/Users/liuwenxuan/Workspace/testdata//x01', '/Users/liuwenxuan/Workspace/testdata//x08', '/Users/liuwenxuan/Workspace/testdata//x09', '/Users/liuwenxuan/Workspace/testdata//x07', '/Users/liuwenxuan/Workspace/testdata//x10', '/Users/liuwenxuan/Workspace/testdata//x02', '/Users/liuwenxuan/Workspace/testdata//x05', '/Users/liuwenxuan/Workspace/testdata//x04', '/Users/liuwenxuan/Workspace/testdata//x03']
2023-08-21 19:46:53,744 - [INFO]  - mysql_util.py - [24] : connected localhost:3306 with db 
2023-08-21 19:46:53,745 - [INFO]  - json_service.py - [8] : visited jason_service, start to process jason file....
2023-08-21 19:46:53,745 - [INFO]  - file_util.py - [10] :  reading all filenames under the /Users/liuwenxuan/Workspace/testdata/
2023-08-21 19:46:53,745 - [INFO]  - file_util.py - [10] :  reading all filenames under the /Users/liuwenxuan/Workspace/testdata//test
2023-08-21 19:46:53,745 - [INFO]  - json_service.py - [13] : get filelist : ['/Users/liuwenxuan/Workspace/testdata//.DS_Store', '/Users/liuwenxuan/Workspace/testdata//test/subfile-x01', '/Users/liuwenxuan/Workspace/testdata//x06', '/Users/liuwenxuan/Workspace/testdata//x01', '/Users/liuwenxuan/Workspace/testdata//x08', '/Users/liuwenxuan/Workspace/testdata//x09', '/Users/liuwenxuan/Workspace/testdata//x07', '/Users/liuwenxuan/Workspace/testdata//x10', '/Users/liuwenxuan/Workspace/testdata//x02', '/Users/liuwenxuan/Workspace/testdata//x05', '/Users/liuwenxuan/Workspace/testdata//x04', '/Users/liuwenxuan/Workspace/testdata//x03']
2023-08-21 19:46:53,756 - [INFO]  - mysql_util.py - [34] : executed sql the result includes 1 records, the executed sql is SHOW TABLES
2023-08-21 19:46:53,756 - [INFO]  - mysql_util.py - [57] : checking table metadata.processed_file exists
2023-08-21 19:46:53,757 - [INFO]  - mysql_util.py - [66] : table processed_file has already existed in metadata
2023-08-21 19:46:53,757 - [INFO]  - mysql_util.py - [34] : executed sql the result includes 3 records, the executed sql is SELECT file_name from processed_file
2023-08-21 19:46:53,757 - [INFO]  - mysql_util.py - [77] : accessed metadata_db, and get all processed file list (('/Users/liuwenxuan/Downloads/黑马课程/大数据课程/04阶段：ETL项目实战/数据资料/JSON数据（订单业务）/x01',), ('/Users/liuwenxuan/Workspace/testdata/x07',), ('/Users/liuwenxuan/Workspace/testdata/x08',)) in tableprocessed_file
2023-08-21 19:46:53,757 - [INFO]  - json_service.py - [24] : these file in filelist have already been processed: ['/Users/liuwenxuan/Downloads/黑马课程/大数据课程/04阶段：ETL项目实战/数据资料/JSON数据（订单业务）/x01', '/Users/liuwenxuan/Workspace/testdata/x07', '/Users/liuwenxuan/Workspace/testdata/x08']
2023-08-21 19:46:53,757 - [INFO]  - json_service.py - [27] : these files need to be processed: ['/Users/liuwenxuan/Workspace/testdata//.DS_Store', '/Users/liuwenxuan/Workspace/testdata//test/subfile-x01', '/Users/liuwenxuan/Workspace/testdata//x06', '/Users/liuwenxuan/Workspace/testdata//x01', '/Users/liuwenxuan/Workspace/testdata//x08', '/Users/liuwenxuan/Workspace/testdata//x09', '/Users/liuwenxuan/Workspace/testdata//x07', '/Users/liuwenxuan/Workspace/testdata//x10', '/Users/liuwenxuan/Workspace/testdata//x02', '/Users/liuwenxuan/Workspace/testdata//x05', '/Users/liuwenxuan/Workspace/testdata//x04', '/Users/liuwenxuan/Workspace/testdata//x03']
2023-08-21 19:50:26,974 - [INFO]  - mysql_util.py - [24] : connected localhost:3306 with db 
2023-08-21 19:50:26,978 - [INFO]  - json_service.py - [8] : visited jason_service, start to process jason file....
2023-08-21 19:50:26,978 - [INFO]  - file_util.py - [10] :  reading all filenames under the /Users/liuwenxuan/Workspace/testdata
2023-08-21 19:50:26,979 - [INFO]  - file_util.py - [10] :  reading all filenames under the /Users/liuwenxuan/Workspace/testdata/test
2023-08-21 19:50:26,979 - [INFO]  - json_service.py - [13] : get filelist : ['/Users/liuwenxuan/Workspace/testdata/.DS_Store', '/Users/liuwenxuan/Workspace/testdata/test/subfile-x01', '/Users/liuwenxuan/Workspace/testdata/x06', '/Users/liuwenxuan/Workspace/testdata/x01', '/Users/liuwenxuan/Workspace/testdata/x08', '/Users/liuwenxuan/Workspace/testdata/x09', '/Users/liuwenxuan/Workspace/testdata/x07', '/Users/liuwenxuan/Workspace/testdata/x10', '/Users/liuwenxuan/Workspace/testdata/x02', '/Users/liuwenxuan/Workspace/testdata/x05', '/Users/liuwenxuan/Workspace/testdata/x04', '/Users/liuwenxuan/Workspace/testdata/x03']
2023-08-21 19:50:26,990 - [INFO]  - mysql_util.py - [34] : executed sql the result includes 1 records, the executed sql is SHOW TABLES
2023-08-21 19:50:26,990 - [INFO]  - mysql_util.py - [57] : checking table metadata.processed_file exists
2023-08-21 19:50:26,990 - [INFO]  - mysql_util.py - [66] : table processed_file has already existed in metadata
2023-08-21 19:50:26,990 - [INFO]  - mysql_util.py - [34] : executed sql the result includes 3 records, the executed sql is SELECT file_name from processed_file
2023-08-21 19:50:26,991 - [INFO]  - mysql_util.py - [77] : accessed metadata_db, and get all processed file list (('/Users/liuwenxuan/Downloads/黑马课程/大数据课程/04阶段：ETL项目实战/数据资料/JSON数据（订单业务）/x01',), ('/Users/liuwenxuan/Workspace/testdata/x07',), ('/Users/liuwenxuan/Workspace/testdata/x08',)) in tableprocessed_file
2023-08-21 19:50:26,991 - [INFO]  - json_service.py - [24] : these file in filelist have already been processed: ['/Users/liuwenxuan/Downloads/黑马课程/大数据课程/04阶段：ETL项目实战/数据资料/JSON数据（订单业务）/x01', '/Users/liuwenxuan/Workspace/testdata/x07', '/Users/liuwenxuan/Workspace/testdata/x08']
2023-08-21 19:50:26,991 - [INFO]  - json_service.py - [27] : these files need to be processed: ['/Users/liuwenxuan/Workspace/testdata/.DS_Store', '/Users/liuwenxuan/Workspace/testdata/test/subfile-x01', '/Users/liuwenxuan/Workspace/testdata/x06', '/Users/liuwenxuan/Workspace/testdata/x01', '/Users/liuwenxuan/Workspace/testdata/x09', '/Users/liuwenxuan/Workspace/testdata/x10', '/Users/liuwenxuan/Workspace/testdata/x02', '/Users/liuwenxuan/Workspace/testdata/x05', '/Users/liuwenxuan/Workspace/testdata/x04', '/Users/liuwenxuan/Workspace/testdata/x03']
2023-08-21 19:51:51,737 - [INFO]  - mysql_util.py - [24] : connected localhost:3306 with db 
2023-08-21 19:51:51,746 - [INFO]  - json_service.py - [8] : visited jason_service, start to process jason file....
2023-08-21 19:51:51,746 - [INFO]  - file_util.py - [10] :  reading all filenames under the /Users/liuwenxuan/Workspace/testdata
2023-08-21 19:51:51,747 - [INFO]  - file_util.py - [10] :  reading all filenames under the /Users/liuwenxuan/Workspace/testdata/test
2023-08-21 19:51:51,748 - [INFO]  - json_service.py - [13] : get filelist : ['/Users/liuwenxuan/Workspace/testdata/.DS_Store', '/Users/liuwenxuan/Workspace/testdata/test/subfile-x01', '/Users/liuwenxuan/Workspace/testdata/x06', '/Users/liuwenxuan/Workspace/testdata/x01', '/Users/liuwenxuan/Workspace/testdata/x08', '/Users/liuwenxuan/Workspace/testdata/x09', '/Users/liuwenxuan/Workspace/testdata/x07', '/Users/liuwenxuan/Workspace/testdata/x10', '/Users/liuwenxuan/Workspace/testdata/x02', '/Users/liuwenxuan/Workspace/testdata/x05', '/Users/liuwenxuan/Workspace/testdata/x04', '/Users/liuwenxuan/Workspace/testdata/x03']
2023-08-21 19:51:51,772 - [INFO]  - mysql_util.py - [34] : executed sql the result includes 1 records, the executed sql is SHOW TABLES
2023-08-21 19:51:51,772 - [INFO]  - mysql_util.py - [57] : checking table metadata.processed_file exists
2023-08-21 19:51:51,772 - [INFO]  - mysql_util.py - [66] : table processed_file has already existed in metadata
2023-08-21 19:51:51,775 - [INFO]  - mysql_util.py - [34] : executed sql the result includes 3 records, the executed sql is SELECT file_name from processed_file
2023-08-21 19:51:51,775 - [INFO]  - mysql_util.py - [77] : accessed metadata_db, and get all processed file list (('/Users/liuwenxuan/Downloads/黑马课程/大数据课程/04阶段：ETL项目实战/数据资料/JSON数据（订单业务）/x01',), ('/Users/liuwenxuan/Workspace/testdata/x07',), ('/Users/liuwenxuan/Workspace/testdata/x08',)) in tableprocessed_file
2023-08-21 19:51:51,775 - [INFO]  - json_service.py - [24] : these file in filelist have already been processed: ['/Users/liuwenxuan/Downloads/黑马课程/大数据课程/04阶段：ETL项目实战/数据资料/JSON数据（订单业务）/x01', '/Users/liuwenxuan/Workspace/testdata/x07', '/Users/liuwenxuan/Workspace/testdata/x08']
2023-08-21 19:51:51,775 - [INFO]  - json_service.py - [27] : these files need to be processed: ['/Users/liuwenxuan/Workspace/testdata/.DS_Store', '/Users/liuwenxuan/Workspace/testdata/test/subfile-x01', '/Users/liuwenxuan/Workspace/testdata/x06', '/Users/liuwenxuan/Workspace/testdata/x01', '/Users/liuwenxuan/Workspace/testdata/x09', '/Users/liuwenxuan/Workspace/testdata/x10', '/Users/liuwenxuan/Workspace/testdata/x02', '/Users/liuwenxuan/Workspace/testdata/x05', '/Users/liuwenxuan/Workspace/testdata/x04', '/Users/liuwenxuan/Workspace/testdata/x03']
2023-08-21 19:52:36,815 - [INFO]  - file_util.py - [10] :  reading all filenames under the /Users/liuwenxuan/Workspace/pythonProject1/RetailProj/test/test_dir
2023-08-21 19:52:36,816 - [INFO]  - file_util.py - [10] :  reading all filenames under the /Users/liuwenxuan/Workspace/pythonProject1/RetailProj/test/test_dir
2023-08-21 19:52:36,816 - [INFO]  - file_util.py - [10] :  reading all filenames under the /Users/liuwenxuan/Workspace/pythonProject1/RetailProj/test/test_dir/inner 1
2023-08-21 19:52:36,816 - [INFO]  - file_util.py - [10] :  reading all filenames under the /Users/liuwenxuan/Workspace/pythonProject1/RetailProj/test/test_dir/inner 1/inner 2
2023-08-21 19:52:39,881 - [INFO]  - file_util.py - [10] :  reading all filenames under the /Users/liuwenxuan/Workspace/pythonProject1/RetailProj/test/test_dir
2023-08-21 19:52:39,881 - [INFO]  - file_util.py - [10] :  reading all filenames under the /Users/liuwenxuan/Workspace/pythonProject1/RetailProj/test/test_dir
2023-08-21 19:52:39,881 - [INFO]  - file_util.py - [10] :  reading all filenames under the /Users/liuwenxuan/Workspace/pythonProject1/RetailProj/test/test_dir/inner 1
2023-08-21 19:52:39,882 - [INFO]  - file_util.py - [10] :  reading all filenames under the /Users/liuwenxuan/Workspace/pythonProject1/RetailProj/test/test_dir/inner 1/inner 2
2023-08-21 19:53:58,538 - [INFO]  - mysql_util.py - [24] : connected localhost:3306 with db 
2023-08-21 19:53:58,539 - [INFO]  - json_service.py - [8] : visited jason_service, start to process jason file....
2023-08-21 19:53:58,539 - [INFO]  - file_util.py - [10] :  reading all filenames under the /Users/liuwenxuan/Workspace/testdata
2023-08-21 19:53:58,539 - [INFO]  - file_util.py - [10] :  reading all filenames under the /Users/liuwenxuan/Workspace/testdata/test
2023-08-21 19:53:58,539 - [INFO]  - json_service.py - [13] : get filelist : ['/Users/liuwenxuan/Workspace/testdata/.DS_Store', '/Users/liuwenxuan/Workspace/testdata/test/subfile-x01', '/Users/liuwenxuan/Workspace/testdata/x06', '/Users/liuwenxuan/Workspace/testdata/x01', '/Users/liuwenxuan/Workspace/testdata/x08', '/Users/liuwenxuan/Workspace/testdata/x09', '/Users/liuwenxuan/Workspace/testdata/x07', '/Users/liuwenxuan/Workspace/testdata/x10', '/Users/liuwenxuan/Workspace/testdata/x02', '/Users/liuwenxuan/Workspace/testdata/x05', '/Users/liuwenxuan/Workspace/testdata/x04', '/Users/liuwenxuan/Workspace/testdata/x03']
2023-08-21 19:53:58,555 - [INFO]  - mysql_util.py - [34] : executed sql the result includes 1 records, the executed sql is SHOW TABLES
2023-08-21 19:53:58,555 - [INFO]  - mysql_util.py - [57] : checking table metadata.processed_file exists
2023-08-21 19:53:58,555 - [INFO]  - mysql_util.py - [66] : table processed_file has already existed in metadata
2023-08-21 19:53:58,555 - [INFO]  - mysql_util.py - [34] : executed sql the result includes 3 records, the executed sql is SELECT file_name from processed_file
2023-08-21 19:53:58,555 - [INFO]  - mysql_util.py - [77] : accessed metadata_db, and get all processed file list (('/Users/liuwenxuan/Downloads/黑马课程/大数据课程/04阶段：ETL项目实战/数据资料/JSON数据（订单业务）/x01',), ('/Users/liuwenxuan/Workspace/testdata/x07',), ('/Users/liuwenxuan/Workspace/testdata/x08',)) in tableprocessed_file
2023-08-21 19:53:58,556 - [INFO]  - json_service.py - [24] : these file in filelist have already been processed: ['/Users/liuwenxuan/Downloads/黑马课程/大数据课程/04阶段：ETL项目实战/数据资料/JSON数据（订单业务）/x01', '/Users/liuwenxuan/Workspace/testdata/x07', '/Users/liuwenxuan/Workspace/testdata/x08']
2023-08-21 19:53:58,556 - [INFO]  - json_service.py - [27] : these files need to be processed: ['/Users/liuwenxuan/Workspace/testdata/.DS_Store', '/Users/liuwenxuan/Workspace/testdata/test/subfile-x01', '/Users/liuwenxuan/Workspace/testdata/x06', '/Users/liuwenxuan/Workspace/testdata/x01', '/Users/liuwenxuan/Workspace/testdata/x09', '/Users/liuwenxuan/Workspace/testdata/x10', '/Users/liuwenxuan/Workspace/testdata/x02', '/Users/liuwenxuan/Workspace/testdata/x05', '/Users/liuwenxuan/Workspace/testdata/x04', '/Users/liuwenxuan/Workspace/testdata/x03']
